This is pdfTeX, Version 3.14159265-2.6-1.40.19 (TeX Live 2018/Arch Linux) (preloaded format=pdflatex 2018.9.21)  15 OCT 2018 22:41
entering extended mode
 restricted \write18 enabled.
 %&-line parsing enabled.
**g7_gesamt.tex
(./g7_gesamt.tex
LaTeX2e <2018-04-01> patch level 5
(/usr/share/texmf/tex/latex/koma-script/scrreprt.cls
Document Class: scrreprt 2017/09/07 v3.24 KOMA-Script document class (report)
(/usr/share/texmf/tex/latex/koma-script/scrkbase.sty
Package: scrkbase 2017/09/07 v3.24 KOMA-Script package (KOMA-Script-dependent b
asics and keyval usage)

(/usr/share/texmf/tex/latex/koma-script/scrbase.sty
Package: scrbase 2017/09/07 v3.24 KOMA-Script package (KOMA-Script-independent 
basics and keyval usage)

(/usr/share/texmf-dist/tex/latex/graphics/keyval.sty
Package: keyval 2014/10/28 v1.15 key=value parser (DPC)
\KV@toks@=\toks14
)
(/usr/share/texmf/tex/latex/koma-script/scrlfile.sty
Package: scrlfile 2017/09/07 v3.24 KOMA-Script package (loading files)
)))
(/usr/share/texmf/tex/latex/koma-script/tocbasic.sty
Package: tocbasic 2017/09/07 v3.24 KOMA-Script package (handling toc-files)
\scr@dte@tocline@numberwidth=\skip41
\scr@dte@tocline@numbox=\box26
)
Package tocbasic Info: omitting babel extension for `toc'
(tocbasic)             because of feature `nobabel' available
(tocbasic)             for `toc' on input line 135.
Package tocbasic Info: omitting babel extension for `lof'
(tocbasic)             because of feature `nobabel' available
(tocbasic)             for `lof' on input line 137.
Package tocbasic Info: omitting babel extension for `lot'
(tocbasic)             because of feature `nobabel' available
(tocbasic)             for `lot' on input line 138.
Package tocbasic Info: defining new hook before heading of `' on input line 162
7.
Package scrreprt Info: You've used standard option `11pt'.
(scrreprt)             This is correct!
(scrreprt)             Internally I'm using `fontsize=11pt'.
(scrreprt)             If you'd like to set the option with \KOMAoptions,
(scrreprt)             you'd have to use `fontsize=11pt' there
(scrreprt)             instead of `11pt', too.
Class scrreprt Info: File `scrsize11pt.clo' used to setup font sizes on input l
ine 2293.

(/usr/share/texmf/tex/latex/koma-script/scrsize11pt.clo
File: scrsize11pt.clo 2017/09/07 v3.24 KOMA-Script font size class option (11pt
)
)
(/usr/share/texmf/tex/latex/koma-script/typearea.sty
Package: typearea 2017/09/07 v3.24 KOMA-Script package (type area)
\ta@bcor=\skip42
\ta@div=\count80
\ta@hblk=\skip43
\ta@vblk=\skip44
\ta@temp=\skip45
\footheight=\skip46
Package typearea Info: These are the values describing the layout:
(typearea)             DIV  = 10
(typearea)             BCOR = 0.0pt
(typearea)             \paperwidth      = 597.50793pt
(typearea)              \textwidth      = 418.25555pt
(typearea)              DIV departure   = -6%
(typearea)              \evensidemargin = 17.3562pt
(typearea)              \oddsidemargin  = 17.3562pt
(typearea)             \paperheight     = 845.04694pt
(typearea)              \textheight     = 595.80026pt
(typearea)              \topmargin      = -25.16531pt
(typearea)              \headheight     = 17.0pt
(typearea)              \headsep        = 20.40001pt
(typearea)              \topskip        = 11.0pt
(typearea)              \footskip       = 47.6pt
(typearea)              \baselineskip   = 13.6pt
(typearea)              on input line 1686.
)
\c@part=\count81
\c@chapter=\count82
\c@section=\count83
\c@subsection=\count84
\c@subsubsection=\count85
\c@paragraph=\count86
\c@subparagraph=\count87
\scr@dte@part@maxnumwidth=\skip47
\scr@dte@chapter@maxnumwidth=\skip48
\scr@dte@section@maxnumwidth=\skip49
\scr@dte@subsection@maxnumwidth=\skip50
\scr@dte@subsubsection@maxnumwidth=\skip51
\scr@dte@paragraph@maxnumwidth=\skip52
\scr@dte@subparagraph@maxnumwidth=\skip53
LaTeX Info: Redefining \textsubscript on input line 4964.
\abovecaptionskip=\skip54
\belowcaptionskip=\skip55
\c@pti@nb@sid@b@x=\box27
\c@figure=\count88
\c@table=\count89
Class scrreprt Info: Redefining `\numberline' on input line 6130.
\bibindent=\dimen102
)
(/usr/share/texmf-dist/tex/generic/babel/babel.sty
Package: babel 2018/09/02 3.23 The Babel package

(/usr/share/texmf-dist/tex/generic/babel/switch.def
File: switch.def 2018/09/02 3.23 Babel switching mechanism
)
(/usr/share/texmf-dist/tex/generic/babel-german/german.ldf
Language: german 2018/03/29 v2.10 German support for babel (pre-1996 orthograph
y)

(/usr/share/texmf-dist/tex/generic/babel-german/germanb.ldf
Language: germanb 2018/03/29 v2.10 German support for babel (pre-1996 orthograp
hy)

(/usr/share/texmf-dist/tex/generic/babel/babel.def
File: babel.def 2018/09/02 3.23 Babel common definitions
\babel@savecnt=\count90
\U@D=\dimen103

(/usr/share/texmf-dist/tex/generic/babel/txtbabel.def)
\bbl@dirlevel=\count91
)
Package babel Info: Making " an active character on input line 135.
)))
(/usr/share/texmf-dist/tex/latex/base/inputenc.sty
Package: inputenc 2018/04/06 v1.3b Input encoding file
\inpenc@prehook=\toks15
\inpenc@posthook=\toks16
)
(/usr/share/texmf-dist/tex/latex/tools/multicol.sty
Package: multicol 2018/04/20 v1.8s multicolumn formatting (FMi)
\c@tracingmulticols=\count92
\mult@box=\box28
\multicol@leftmargin=\dimen104
\c@unbalance=\count93
\c@collectmore=\count94
\doublecol@number=\count95
\multicoltolerance=\count96
\multicolpretolerance=\count97
\full@width=\dimen105
\page@free=\dimen106
\premulticols=\dimen107
\postmulticols=\dimen108
\multicolsep=\skip56
\multicolbaselineskip=\skip57
\partial@page=\box29
\last@line=\box30
\maxbalancingoverflow=\dimen109
\mult@rightbox=\box31
\mult@grightbox=\box32
\mult@gfirstbox=\box33
\mult@firstbox=\box34
\@tempa=\box35
\@tempa=\box36
\@tempa=\box37
\@tempa=\box38
\@tempa=\box39
\@tempa=\box40
\@tempa=\box41
\@tempa=\box42
\@tempa=\box43
\@tempa=\box44
\@tempa=\box45
\@tempa=\box46
\@tempa=\box47
\@tempa=\box48
\@tempa=\box49
\@tempa=\box50
\@tempa=\box51
\c@columnbadness=\count98
\c@finalcolumnbadness=\count99
\last@try=\dimen110
\multicolovershoot=\dimen111
\multicolundershoot=\dimen112
\mult@nat@firstbox=\box52
\colbreak@box=\box53
\mc@col@check@num=\count100
)
(/usr/share/texmf-dist/tex/latex/geometry/geometry.sty
Package: geometry 2018/04/16 v5.8 Page Geometry

(/usr/share/texmf-dist/tex/generic/oberdiek/ifpdf.sty
Package: ifpdf 2017/03/15 v3.2 Provides the ifpdf switch
)
(/usr/share/texmf-dist/tex/generic/oberdiek/ifvtex.sty
Package: ifvtex 2016/05/16 v1.6 Detect VTeX and its facilities (HO)
Package ifvtex Info: VTeX not detected.
)
(/usr/share/texmf-dist/tex/generic/ifxetex/ifxetex.sty
Package: ifxetex 2010/09/12 v0.6 Provides ifxetex conditional
)
\Gm@cnth=\count101
\Gm@cntv=\count102
\c@Gm@tempcnt=\count103
\Gm@bindingoffset=\dimen113
\Gm@wd@mp=\dimen114
\Gm@odd@mp=\dimen115
\Gm@even@mp=\dimen116
\Gm@layoutwidth=\dimen117
\Gm@layoutheight=\dimen118
\Gm@layouthoffset=\dimen119
\Gm@layoutvoffset=\dimen120
\Gm@dimlist=\toks17
)
(/usr/share/texmf-dist/tex/latex/hyperref/hyperref.sty
Package: hyperref 2018/02/06 v6.86b Hypertext links for LaTeX

(/usr/share/texmf-dist/tex/generic/oberdiek/hobsub-hyperref.sty
Package: hobsub-hyperref 2016/05/16 v1.14 Bundle oberdiek, subset hyperref (HO)


(/usr/share/texmf-dist/tex/generic/oberdiek/hobsub-generic.sty
Package: hobsub-generic 2016/05/16 v1.14 Bundle oberdiek, subset generic (HO)
Package: hobsub 2016/05/16 v1.14 Construct package bundles (HO)
Package: infwarerr 2016/05/16 v1.4 Providing info/warning/error messages (HO)
Package: ltxcmds 2016/05/16 v1.23 LaTeX kernel commands for general use (HO)
Package: ifluatex 2016/05/16 v1.4 Provides the ifluatex switch (HO)
Package ifluatex Info: LuaTeX not detected.
Package hobsub Info: Skipping package `ifvtex' (already loaded).
Package: intcalc 2016/05/16 v1.2 Expandable calculations with integers (HO)
Package hobsub Info: Skipping package `ifpdf' (already loaded).
Package: etexcmds 2016/05/16 v1.6 Avoid name clashes with e-TeX commands (HO)
Package etexcmds Info: Could not find \expanded.
(etexcmds)             That can mean that you are not using pdfTeX 1.50 or
(etexcmds)             that some package has redefined \expanded.
(etexcmds)             In the latter case, load this package earlier.
Package: kvsetkeys 2016/05/16 v1.17 Key value parser (HO)
Package: kvdefinekeys 2016/05/16 v1.4 Define keys (HO)
Package: pdftexcmds 2018/01/30 v0.27 Utility functions of pdfTeX for LuaTeX (HO
)
Package pdftexcmds Info: LuaTeX not detected.
Package pdftexcmds Info: \pdf@primitive is available.
Package pdftexcmds Info: \pdf@ifprimitive is available.
Package pdftexcmds Info: \pdfdraftmode found.
Package: pdfescape 2016/05/16 v1.14 Implements pdfTeX's escape features (HO)
Package: bigintcalc 2016/05/16 v1.4 Expandable calculations on big integers (HO
)
Package: bitset 2016/05/16 v1.2 Handle bit-vector datatype (HO)
Package: uniquecounter 2016/05/16 v1.3 Provide unlimited unique counter (HO)
)
Package hobsub Info: Skipping package `hobsub' (already loaded).
Package: letltxmacro 2016/05/16 v1.5 Let assignment for LaTeX macros (HO)
Package: hopatch 2016/05/16 v1.3 Wrapper for package hooks (HO)
Package: xcolor-patch 2016/05/16 xcolor patch
Package: atveryend 2016/05/16 v1.9 Hooks at the very end of document (HO)
Package atveryend Info: \enddocument detected (standard20110627).
Package: atbegshi 2016/06/09 v1.18 At begin shipout hook (HO)
Package: refcount 2016/05/16 v3.5 Data extraction from label references (HO)
Package: hycolor 2016/05/16 v1.8 Color options for hyperref/bookmark (HO)
)
(/usr/share/texmf-dist/tex/latex/oberdiek/auxhook.sty
Package: auxhook 2016/05/16 v1.4 Hooks for auxiliary files (HO)
)
(/usr/share/texmf-dist/tex/latex/oberdiek/kvoptions.sty
Package: kvoptions 2016/05/16 v3.12 Key value format for package options (HO)
)
\@linkdim=\dimen121
\Hy@linkcounter=\count104
\Hy@pagecounter=\count105

(/usr/share/texmf-dist/tex/latex/hyperref/pd1enc.def
File: pd1enc.def 2018/02/06 v6.86b Hyperref: PDFDocEncoding definition (HO)
Now handling font encoding PD1 ...
... no UTF-8 mapping file for font encoding PD1
)
\Hy@SavedSpaceFactor=\count106

(/usr/share/texmf-dist/tex/latex/latexconfig/hyperref.cfg
File: hyperref.cfg 2002/06/06 v1.2 hyperref configuration of TeXLive
)
Package hyperref Info: Hyper figures OFF on input line 4509.
Package hyperref Info: Link nesting OFF on input line 4514.
Package hyperref Info: Hyper index ON on input line 4517.
Package hyperref Info: Plain pages OFF on input line 4524.
Package hyperref Info: Backreferencing OFF on input line 4529.
Package hyperref Info: Implicit mode ON; LaTeX internals redefined.
Package hyperref Info: Bookmarks ON on input line 4762.
\c@Hy@tempcnt=\count107

(/usr/share/texmf-dist/tex/latex/url/url.sty
\Urlmuskip=\muskip10
Package: url 2013/09/16  ver 3.4  Verb mode for urls, etc.
)
LaTeX Info: Redefining \url on input line 5115.
\XeTeXLinkMargin=\dimen122
\Fld@menulength=\count108
\Field@Width=\dimen123
\Fld@charsize=\dimen124
Package hyperref Info: Hyper figures OFF on input line 6369.
Package hyperref Info: Link nesting OFF on input line 6374.
Package hyperref Info: Hyper index ON on input line 6377.
Package hyperref Info: backreferencing OFF on input line 6384.
Package hyperref Info: Link coloring OFF on input line 6389.
Package hyperref Info: Link coloring with OCG OFF on input line 6394.
Package hyperref Info: PDF/A mode OFF on input line 6399.
LaTeX Info: Redefining \ref on input line 6439.
LaTeX Info: Redefining \pageref on input line 6443.
\Hy@abspage=\count109
\c@Item=\count110
\c@Hfootnote=\count111
)
Package hyperref Info: Driver (autodetected): hpdftex.

(/usr/share/texmf-dist/tex/latex/hyperref/hpdftex.def
File: hpdftex.def 2018/02/06 v6.86b Hyperref driver for pdfTeX
\Fld@listcount=\count112
\c@bookmark@seq@number=\count113

(/usr/share/texmf-dist/tex/latex/oberdiek/rerunfilecheck.sty
Package: rerunfilecheck 2016/05/16 v1.8 Rerun checks for auxiliary files (HO)
Package uniquecounter Info: New unique counter `rerunfilecheck' on input line 2
82.
)
\Hy@SectionHShift=\skip58
) (./g7_gesamt.aux (./spielmitschriften/sus.aux) (./spielmitschriften/selem.aux
))
\openout1 = `g7_gesamt.aux'.

LaTeX Font Info:    Checking defaults for OML/cmm/m/it on input line 20.
LaTeX Font Info:    ... okay on input line 20.
LaTeX Font Info:    Checking defaults for T1/cmr/m/n on input line 20.
LaTeX Font Info:    ... okay on input line 20.
LaTeX Font Info:    Checking defaults for OT1/cmr/m/n on input line 20.
LaTeX Font Info:    ... okay on input line 20.
LaTeX Font Info:    Checking defaults for OMS/cmsy/m/n on input line 20.
LaTeX Font Info:    ... okay on input line 20.
LaTeX Font Info:    Checking defaults for OMX/cmex/m/n on input line 20.
LaTeX Font Info:    ... okay on input line 20.
LaTeX Font Info:    Checking defaults for U/cmr/m/n on input line 20.
LaTeX Font Info:    ... okay on input line 20.
LaTeX Font Info:    Checking defaults for PD1/pdf/m/n on input line 20.
LaTeX Font Info:    ... okay on input line 20.

*geometry* driver: auto-detecting
*geometry* detected driver: pdftex
*geometry* verbose mode - [ preamble ] result:
* driver: pdftex
* paper: <default>
* layout: <same size as paper>
* layoutoffset:(h,v)=(0.0pt,0.0pt)
* modes: 
* h-part:(L,W,R)=(56.9055pt, 483.69693pt, 56.9055pt)
* v-part:(T,H,B)=(56.9055pt, 702.78317pt, 85.35826pt)
* \paperwidth=597.50793pt
* \paperheight=845.04694pt
* \textwidth=483.69693pt
* \textheight=702.78317pt
* \oddsidemargin=-15.36449pt
* \evensidemargin=-15.36449pt
* \topmargin=-52.7645pt
* \headheight=17.0pt
* \headsep=20.40001pt
* \topskip=11.0pt
* \footskip=47.6pt
* \marginparwidth=59.7508pt
* \marginparsep=12.8401pt
* \columnsep=10.0pt
* \skip\footins=10.0pt plus 4.0pt minus 2.0pt
* \hoffset=0.0pt
* \voffset=0.0pt
* \mag=1000
* \@twocolumnfalse
* \@twosidefalse
* \@mparswitchfalse
* \@reversemarginfalse
* (1in=72.27pt=25.4mm, 1cm=28.453pt)

\AtBeginShipoutBox=\box54
Package hyperref Info: Link coloring OFF on input line 20.
(/usr/share/texmf-dist/tex/latex/hyperref/nameref.sty
Package: nameref 2016/05/21 v2.44 Cross-referencing by name of section

(/usr/share/texmf-dist/tex/generic/oberdiek/gettitlestring.sty
Package: gettitlestring 2016/05/16 v1.5 Cleanup title references (HO)
)
\c@section@level=\count114
)
LaTeX Info: Redefining \ref on input line 20.
LaTeX Info: Redefining \pageref on input line 20.
LaTeX Info: Redefining \nameref on input line 20.

(./g7_gesamt.out) (./g7_gesamt.out)
\@outlinefile=\write3
\openout3 = `g7_gesamt.out'.

LaTeX Font Info:    External font `cmex10' loaded for size
(Font)              <14.4> on input line 22.
LaTeX Font Info:    External font `cmex10' loaded for size
(Font)              <7> on input line 22.
Package babel Info: Redefining german shorthand "f
(babel)             in language  on input line 22.
Package babel Info: Redefining german shorthand "|
(babel)             in language  on input line 22.
Package babel Info: Redefining german shorthand "~
(babel)             in language  on input line 22.
Package babel Info: Redefining german shorthand "f
(babel)             in language  on input line 22.
Package babel Info: Redefining german shorthand "|
(babel)             in language  on input line 22.
Package babel Info: Redefining german shorthand "~
(babel)             in language  on input line 22.
 [1



{/var/lib/texmf/fonts/map/pdftex/updmap/pdftex.map}]
Package babel Info: Redefining german shorthand "f
(babel)             in language  on input line 25.
Package babel Info: Redefining german shorthand "|
(babel)             in language  on input line 25.
Package babel Info: Redefining german shorthand "~
(babel)             in language  on input line 25.
Package babel Info: Redefining german shorthand "f
(babel)             in language  on input line 25.
Package babel Info: Redefining german shorthand "|
(babel)             in language  on input line 25.
Package babel Info: Redefining german shorthand "~
(babel)             in language  on input line 25.
 [2


] (./g7_gesamt.toc
LaTeX Font Info:    External font `cmex10' loaded for size
(Font)              <10.95> on input line 3.
LaTeX Font Info:    External font `cmex10' loaded for size
(Font)              <8> on input line 3.
LaTeX Font Info:    External font `cmex10' loaded for size
(Font)              <6> on input line 3.
Package babel Info: Redefining german shorthand "f
(babel)             in language  on input line 71.
Package babel Info: Redefining german shorthand "|
(babel)             in language  on input line 71.
Package babel Info: Redefining german shorthand "~
(babel)             in language  on input line 71.
Package babel Info: Redefining german shorthand "f
(babel)             in language  on input line 71.
Package babel Info: Redefining german shorthand "|
(babel)             in language  on input line 71.
Package babel Info: Redefining german shorthand "~
(babel)             in language  on input line 71.
 [3

]
Package babel Info: Redefining german shorthand "f
(babel)             in language  on input line 122.
Package babel Info: Redefining german shorthand "|
(babel)             in language  on input line 122.
Package babel Info: Redefining german shorthand "~
(babel)             in language  on input line 122.
Package babel Info: Redefining german shorthand "f
(babel)             in language  on input line 122.
Package babel Info: Redefining german shorthand "|
(babel)             in language  on input line 122.
Package babel Info: Redefining german shorthand "~
(babel)             in language  on input line 122.
 [4]
Package babel Info: Redefining german shorthand "f
(babel)             in language  on input line 220.
Package babel Info: Redefining german shorthand "|
(babel)             in language  on input line 220.
Package babel Info: Redefining german shorthand "~
(babel)             in language  on input line 220.
Package babel Info: Redefining german shorthand "f
(babel)             in language  on input line 220.
Package babel Info: Redefining german shorthand "|
(babel)             in language  on input line 220.
Package babel Info: Redefining german shorthand "~
(babel)             in language  on input line 220.
 [5])
\tf@toc=\write4
\openout4 = `g7_gesamt.toc'.

Package babel Info: Redefining german shorthand "f
(babel)             in language  on input line 29.
Package babel Info: Redefining german shorthand "|
(babel)             in language  on input line 29.
Package babel Info: Redefining german shorthand "~
(babel)             in language  on input line 29.
Package babel Info: Redefining german shorthand "f
(babel)             in language  on input line 29.
Package babel Info: Redefining german shorthand "|
(babel)             in language  on input line 29.
Package babel Info: Redefining german shorthand "~
(babel)             in language  on input line 29.
 [6]
chapter 1.
Package babel Info: Redefining german shorthand "f
(babel)             in language  on input line 29.
Package babel Info: Redefining german shorthand "|
(babel)             in language  on input line 29.
Package babel Info: Redefining german shorthand "~
(babel)             in language  on input line 29.
Package babel Info: Redefining german shorthand "f
(babel)             in language  on input line 38.
Package babel Info: Redefining german shorthand "|
(babel)             in language  on input line 38.
Package babel Info: Redefining german shorthand "~
(babel)             in language  on input line 38.
Package babel Info: Redefining german shorthand "f
(babel)             in language  on input line 45.
Package babel Info: Redefining german shorthand "|
(babel)             in language  on input line 45.
Package babel Info: Redefining german shorthand "~
(babel)             in language  on input line 45.
Package babel Info: Redefining german shorthand "f
(babel)             in language  on input line 45.
Package babel Info: Redefining german shorthand "|
(babel)             in language  on input line 45.
Package babel Info: Redefining german shorthand "~
(babel)             in language  on input line 45.
[7

]
chapter 2.
Package babel Info: Redefining german shorthand "f
(babel)             in language  on input line 45.
Package babel Info: Redefining german shorthand "|
(babel)             in language  on input line 45.
Package babel Info: Redefining german shorthand "~
(babel)             in language  on input line 45.
(./0_SuS/main.tex
Package babel Info: Redefining german shorthand "f
(babel)             in language  on input line 1.
Package babel Info: Redefining german shorthand "|
(babel)             in language  on input line 1.
Package babel Info: Redefining german shorthand "~
(babel)             in language  on input line 1.
Package babel Info: Redefining german shorthand "f
(babel)             in language  on input line 5.
Package babel Info: Redefining german shorthand "|
(babel)             in language  on input line 5.
Package babel Info: Redefining german shorthand "~
(babel)             in language  on input line 5.
)
Package babel Info: Redefining german shorthand "f
(babel)             in language  on input line 48.
Package babel Info: Redefining german shorthand "|
(babel)             in language  on input line 48.
Package babel Info: Redefining german shorthand "~
(babel)             in language  on input line 48.
Package babel Info: Redefining german shorthand "f
(babel)             in language  on input line 48.
Package babel Info: Redefining german shorthand "|
(babel)             in language  on input line 48.
Package babel Info: Redefining german shorthand "~
(babel)             in language  on input line 48.
 [8

] (./0_BvG/main.tex
Package babel Info: Redefining german shorthand "f
(babel)             in language  on input line 1.
Package babel Info: Redefining german shorthand "|
(babel)             in language  on input line 1.
Package babel Info: Redefining german shorthand "~
(babel)             in language  on input line 1.
Package babel Info: Redefining german shorthand "f
(babel)             in language  on input line 7.
Package babel Info: Redefining german shorthand "|
(babel)             in language  on input line 7.
Package babel Info: Redefining german shorthand "~
(babel)             in language  on input line 7.
Package babel Info: Redefining german shorthand "f
(babel)             in language  on input line 12.
Package babel Info: Redefining german shorthand "|
(babel)             in language  on input line 12.
Package babel Info: Redefining german shorthand "~
(babel)             in language  on input line 12.
LaTeX Font Info:    Try loading font information for OMS+cmr on input line 21.

(/usr/share/texmf-dist/tex/latex/base/omscmr.fd
File: omscmr.fd 2014/09/29 v2.5h Standard LaTeX font definitions
)
LaTeX Font Info:    Font shape `OMS/cmr/m/n' in size <10.95> not available
(Font)              Font shape `OMS/cmsy/m/n' tried instead on input line 21.
Package babel Info: Redefining german shorthand "f
(babel)             in language  on input line 38.
Package babel Info: Redefining german shorthand "|
(babel)             in language  on input line 38.
Package babel Info: Redefining german shorthand "~
(babel)             in language  on input line 38.
Package babel Info: Redefining german shorthand "f
(babel)             in language  on input line 38.
Package babel Info: Redefining german shorthand "|
(babel)             in language  on input line 38.
Package babel Info: Redefining german shorthand "~
(babel)             in language  on input line 38.
 [9]
Package babel Info: Redefining german shorthand "f
(babel)             in language  on input line 42.
Package babel Info: Redefining german shorthand "|
(babel)             in language  on input line 42.
Package babel Info: Redefining german shorthand "~
(babel)             in language  on input line 42.

Overfull \hbox (11.60866pt too wide) in paragraph at lines 44--45
\OT1/cmr/m/n/10.95 Antagonisten: mie-se fie-se Ans-wi-ni-sten-verr[]ater, Mo-ti
v: Ra-che an den H[]ausern Eh-ren-stein und L[]owenhaupt
 []

Package babel Info: Redefining german shorthand "f
(babel)             in language  on input line 58.
Package babel Info: Redefining german shorthand "|
(babel)             in language  on input line 58.
Package babel Info: Redefining german shorthand "~
(babel)             in language  on input line 58.
Package babel Info: Redefining german shorthand "f
(babel)             in language  on input line 70.
Package babel Info: Redefining german shorthand "|
(babel)             in language  on input line 70.
Package babel Info: Redefining german shorthand "~
(babel)             in language  on input line 70.
Package babel Info: Redefining german shorthand "f
(babel)             in language  on input line 80.
Package babel Info: Redefining german shorthand "|
(babel)             in language  on input line 80.
Package babel Info: Redefining german shorthand "~
(babel)             in language  on input line 80.
Package babel Info: Redefining german shorthand "f
(babel)             in language  on input line 80.
Package babel Info: Redefining german shorthand "|
(babel)             in language  on input line 80.
Package babel Info: Redefining german shorthand "~
(babel)             in language  on input line 80.
[10]
Package babel Info: Redefining german shorthand "f
(babel)             in language  on input line 82.
Package babel Info: Redefining german shorthand "|
(babel)             in language  on input line 82.
Package babel Info: Redefining german shorthand "~
(babel)             in language  on input line 82.
)
Package babel Info: Redefining german shorthand "f
(babel)             in language  on input line 50.
Package babel Info: Redefining german shorthand "|
(babel)             in language  on input line 50.
Package babel Info: Redefining german shorthand "~
(babel)             in language  on input line 50.
Package babel Info: Redefining german shorthand "f
(babel)             in language  on input line 50.
Package babel Info: Redefining german shorthand "|
(babel)             in language  on input line 50.
Package babel Info: Redefining german shorthand "~
(babel)             in language  on input line 50.
 [11] (./0_HN/main.tex
Package babel Info: Redefining german shorthand "f
(babel)             in language  on input line 1.
Package babel Info: Redefining german shorthand "|
(babel)             in language  on input line 1.
Package babel Info: Redefining german shorthand "~
(babel)             in language  on input line 1.
Package babel Info: Redefining german shorthand "f
(babel)             in language  on input line 3.
Package babel Info: Redefining german shorthand "|
(babel)             in language  on input line 3.
Package babel Info: Redefining german shorthand "~
(babel)             in language  on input line 3.
Package babel Info: Redefining german shorthand "f
(babel)             in language  on input line 23.
Package babel Info: Redefining german shorthand "|
(babel)             in language  on input line 23.
Package babel Info: Redefining german shorthand "~
(babel)             in language  on input line 23.
Package babel Info: Redefining german shorthand "f
(babel)             in language  on input line 42.
Package babel Info: Redefining german shorthand "|
(babel)             in language  on input line 42.
Package babel Info: Redefining german shorthand "~
(babel)             in language  on input line 42.
Package babel Info: Redefining german shorthand "f
(babel)             in language  on input line 45.
Package babel Info: Redefining german shorthand "|
(babel)             in language  on input line 45.
Package babel Info: Redefining german shorthand "~
(babel)             in language  on input line 45.
Package babel Info: Redefining german shorthand "f
(babel)             in language  on input line 45.
Package babel Info: Redefining german shorthand "|
(babel)             in language  on input line 45.
Package babel Info: Redefining german shorthand "~
(babel)             in language  on input line 45.
 [12]
Package babel Info: Redefining german shorthand "f
(babel)             in language  on input line 67.
Package babel Info: Redefining german shorthand "|
(babel)             in language  on input line 67.
Package babel Info: Redefining german shorthand "~
(babel)             in language  on input line 67.
Package babel Info: Redefining german shorthand "f
(babel)             in language  on input line 70.
Package babel Info: Redefining german shorthand "|
(babel)             in language  on input line 70.
Package babel Info: Redefining german shorthand "~
(babel)             in language  on input line 70.
)
Package babel Info: Redefining german shorthand "f
(babel)             in language  on input line 52.
Package babel Info: Redefining german shorthand "|
(babel)             in language  on input line 52.
Package babel Info: Redefining german shorthand "~
(babel)             in language  on input line 52.
Package babel Info: Redefining german shorthand "f
(babel)             in language  on input line 52.
Package babel Info: Redefining german shorthand "|
(babel)             in language  on input line 52.
Package babel Info: Redefining german shorthand "~
(babel)             in language  on input line 52.
 [13] (./1_AoE/main.tex
Package babel Info: Redefining german shorthand "f
(babel)             in language  on input line 1.
Package babel Info: Redefining german shorthand "|
(babel)             in language  on input line 1.
Package babel Info: Redefining german shorthand "~
(babel)             in language  on input line 1.
Package babel Info: Redefining german shorthand "f
(babel)             in language  on input line 14.
Package babel Info: Redefining german shorthand "|
(babel)             in language  on input line 14.
Package babel Info: Redefining german shorthand "~
(babel)             in language  on input line 14.
Package babel Info: Redefining german shorthand "f
(babel)             in language  on input line 27.
Package babel Info: Redefining german shorthand "|
(babel)             in language  on input line 27.
Package babel Info: Redefining german shorthand "~
(babel)             in language  on input line 27.
Package babel Info: Redefining german shorthand "f
(babel)             in language  on input line 47.
Package babel Info: Redefining german shorthand "|
(babel)             in language  on input line 47.
Package babel Info: Redefining german shorthand "~
(babel)             in language  on input line 47.
Package babel Info: Redefining german shorthand "f
(babel)             in language  on input line 47.
Package babel Info: Redefining german shorthand "|
(babel)             in language  on input line 47.
Package babel Info: Redefining german shorthand "~
(babel)             in language  on input line 47.
 [14]
Package babel Info: Redefining german shorthand "f
(babel)             in language  on input line 66.
Package babel Info: Redefining german shorthand "|
(babel)             in language  on input line 66.
Package babel Info: Redefining german shorthand "~
(babel)             in language  on input line 66.
Package babel Info: Redefining german shorthand "f
(babel)             in language  on input line 79.
Package babel Info: Redefining german shorthand "|
(babel)             in language  on input line 79.
Package babel Info: Redefining german shorthand "~
(babel)             in language  on input line 79.
Package babel Info: Redefining german shorthand "f
(babel)             in language  on input line 79.
Package babel Info: Redefining german shorthand "|
(babel)             in language  on input line 79.
Package babel Info: Redefining german shorthand "~
(babel)             in language  on input line 79.
 [15]
Package babel Info: Redefining german shorthand "f
(babel)             in language  on input line 82.
Package babel Info: Redefining german shorthand "|
(babel)             in language  on input line 82.
Package babel Info: Redefining german shorthand "~
(babel)             in language  on input line 82.
Package babel Info: Redefining german shorthand "f
(babel)             in language  on input line 86.
Package babel Info: Redefining german shorthand "|
(babel)             in language  on input line 86.
Package babel Info: Redefining german shorthand "~
(babel)             in language  on input line 86.
Package babel Info: Redefining german shorthand "f
(babel)             in language  on input line 90.
Package babel Info: Redefining german shorthand "|
(babel)             in language  on input line 90.
Package babel Info: Redefining german shorthand "~
(babel)             in language  on input line 90.
Package babel Info: Redefining german shorthand "f
(babel)             in language  on input line 93.
Package babel Info: Redefining german shorthand "|
(babel)             in language  on input line 93.
Package babel Info: Redefining german shorthand "~
(babel)             in language  on input line 93.
)
Package babel Info: Redefining german shorthand "f
(babel)             in language  on input line 54.
Package babel Info: Redefining german shorthand "|
(babel)             in language  on input line 54.
Package babel Info: Redefining german shorthand "~
(babel)             in language  on input line 54.
Package babel Info: Redefining german shorthand "f
(babel)             in language  on input line 54.
Package babel Info: Redefining german shorthand "|
(babel)             in language  on input line 54.
Package babel Info: Redefining german shorthand "~
(babel)             in language  on input line 54.
 [16]
(./2_UG/main.tex
Package babel Info: Redefining german shorthand "f
(babel)             in language  on input line 1.
Package babel Info: Redefining german shorthand "|
(babel)             in language  on input line 1.
Package babel Info: Redefining german shorthand "~
(babel)             in language  on input line 1.
Package babel Info: Redefining german shorthand "f
(babel)             in language  on input line 45.
Package babel Info: Redefining german shorthand "|
(babel)             in language  on input line 45.
Package babel Info: Redefining german shorthand "~
(babel)             in language  on input line 45.
Package babel Info: Redefining german shorthand "f
(babel)             in language  on input line 45.
Package babel Info: Redefining german shorthand "|
(babel)             in language  on input line 45.
Package babel Info: Redefining german shorthand "~
(babel)             in language  on input line 45.
 [17])
Package babel Info: Redefining german shorthand "f
(babel)             in language  on input line 56.
Package babel Info: Redefining german shorthand "|
(babel)             in language  on input line 56.
Package babel Info: Redefining german shorthand "~
(babel)             in language  on input line 56.
Package babel Info: Redefining german shorthand "f
(babel)             in language  on input line 56.
Package babel Info: Redefining german shorthand "|
(babel)             in language  on input line 56.
Package babel Info: Redefining german shorthand "~
(babel)             in language  on input line 56.
 [18] (./3_GM/main.tex
Package babel Info: Redefining german shorthand "f
(babel)             in language  on input line 1.
Package babel Info: Redefining german shorthand "|
(babel)             in language  on input line 1.
Package babel Info: Redefining german shorthand "~
(babel)             in language  on input line 1.
)
Package babel Info: Redefining german shorthand "f
(babel)             in language  on input line 58.
Package babel Info: Redefining german shorthand "|
(babel)             in language  on input line 58.
Package babel Info: Redefining german shorthand "~
(babel)             in language  on input line 58.
Package babel Info: Redefining german shorthand "f
(babel)             in language  on input line 58.
Package babel Info: Redefining german shorthand "|
(babel)             in language  on input line 58.
Package babel Info: Redefining german shorthand "~
(babel)             in language  on input line 58.
 [19] (./4_PdG/main.tex
Package babel Info: Redefining german shorthand "f
(babel)             in language  on input line 1.
Package babel Info: Redefining german shorthand "|
(babel)             in language  on input line 1.
Package babel Info: Redefining german shorthand "~
(babel)             in language  on input line 1.
)
Package babel Info: Redefining german shorthand "f
(babel)             in language  on input line 60.
Package babel Info: Redefining german shorthand "|
(babel)             in language  on input line 60.
Package babel Info: Redefining german shorthand "~
(babel)             in language  on input line 60.
Package babel Info: Redefining german shorthand "f
(babel)             in language  on input line 60.
Package babel Info: Redefining german shorthand "|
(babel)             in language  on input line 60.
Package babel Info: Redefining german shorthand "~
(babel)             in language  on input line 60.
 [20]
(./5_BB/main.tex
Package babel Info: Redefining german shorthand "f
(babel)             in language  on input line 1.
Package babel Info: Redefining german shorthand "|
(babel)             in language  on input line 1.
Package babel Info: Redefining german shorthand "~
(babel)             in language  on input line 1.
)
Package babel Info: Redefining german shorthand "f
(babel)             in language  on input line 62.
Package babel Info: Redefining german shorthand "|
(babel)             in language  on input line 62.
Package babel Info: Redefining german shorthand "~
(babel)             in language  on input line 62.
Package babel Info: Redefining german shorthand "f
(babel)             in language  on input line 62.
Package babel Info: Redefining german shorthand "|
(babel)             in language  on input line 62.
Package babel Info: Redefining german shorthand "~
(babel)             in language  on input line 62.
 [21] (./6_SiZ/main.tex
Package babel Info: Redefining german shorthand "f
(babel)             in language  on input line 1.
Package babel Info: Redefining german shorthand "|
(babel)             in language  on input line 1.
Package babel Info: Redefining german shorthand "~
(babel)             in language  on input line 1.
)
Package babel Info: Redefining german shorthand "f
(babel)             in language  on input line 64.
Package babel Info: Redefining german shorthand "|
(babel)             in language  on input line 64.
Package babel Info: Redefining german shorthand "~
(babel)             in language  on input line 64.
Package babel Info: Redefining german shorthand "f
(babel)             in language  on input line 64.
Package babel Info: Redefining german shorthand "|
(babel)             in language  on input line 64.
Package babel Info: Redefining german shorthand "~
(babel)             in language  on input line 64.
 [22] (./7_GBabG/main.tex
Package babel Info: Redefining german shorthand "f
(babel)             in language  on input line 1.
Package babel Info: Redefining german shorthand "|
(babel)             in language  on input line 1.
Package babel Info: Redefining german shorthand "~
(babel)             in language  on input line 1.
)
Package babel Info: Redefining german shorthand "f
(babel)             in language  on input line 66.
Package babel Info: Redefining german shorthand "|
(babel)             in language  on input line 66.
Package babel Info: Redefining german shorthand "~
(babel)             in language  on input line 66.
Package babel Info: Redefining german shorthand "f
(babel)             in language  on input line 66.
Package babel Info: Redefining german shorthand "|
(babel)             in language  on input line 66.
Package babel Info: Redefining german shorthand "~
(babel)             in language  on input line 66.
 [23]
(./8_WdW/main.tex
Package babel Info: Redefining german shorthand "f
(babel)             in language  on input line 1.
Package babel Info: Redefining german shorthand "|
(babel)             in language  on input line 1.
Package babel Info: Redefining german shorthand "~
(babel)             in language  on input line 1.
)
Package babel Info: Redefining german shorthand "f
(babel)             in language  on input line 68.
Package babel Info: Redefining german shorthand "|
(babel)             in language  on input line 68.
Package babel Info: Redefining german shorthand "~
(babel)             in language  on input line 68.
Package babel Info: Redefining german shorthand "f
(babel)             in language  on input line 68.
Package babel Info: Redefining german shorthand "|
(babel)             in language  on input line 68.
Package babel Info: Redefining german shorthand "~
(babel)             in language  on input line 68.
 [24] (./9_RV/main.tex
Package babel Info: Redefining german shorthand "f
(babel)             in language  on input line 1.
Package babel Info: Redefining german shorthand "|
(babel)             in language  on input line 1.
Package babel Info: Redefining german shorthand "~
(babel)             in language  on input line 1.
)
Package babel Info: Redefining german shorthand "f
(babel)             in language  on input line 70.
Package babel Info: Redefining german shorthand "|
(babel)             in language  on input line 70.
Package babel Info: Redefining german shorthand "~
(babel)             in language  on input line 70.
Package babel Info: Redefining german shorthand "f
(babel)             in language  on input line 70.
Package babel Info: Redefining german shorthand "|
(babel)             in language  on input line 70.
Package babel Info: Redefining german shorthand "~
(babel)             in language  on input line 70.
 [25] (./10_SadVW/main.tex
Package babel Info: Redefining german shorthand "f
(babel)             in language  on input line 1.
Package babel Info: Redefining german shorthand "|
(babel)             in language  on input line 1.
Package babel Info: Redefining german shorthand "~
(babel)             in language  on input line 1.
)
Package babel Info: Redefining german shorthand "f
(babel)             in language  on input line 72.
Package babel Info: Redefining german shorthand "|
(babel)             in language  on input line 72.
Package babel Info: Redefining german shorthand "~
(babel)             in language  on input line 72.
Package babel Info: Redefining german shorthand "f
(babel)             in language  on input line 72.
Package babel Info: Redefining german shorthand "|
(babel)             in language  on input line 72.
Package babel Info: Redefining german shorthand "~
(babel)             in language  on input line 72.
 [26]
(./11_SS/main.tex
Package babel Info: Redefining german shorthand "f
(babel)             in language  on input line 1.
Package babel Info: Redefining german shorthand "|
(babel)             in language  on input line 1.
Package babel Info: Redefining german shorthand "~
(babel)             in language  on input line 1.
)
Package babel Info: Redefining german shorthand "f
(babel)             in language  on input line 74.
Package babel Info: Redefining german shorthand "|
(babel)             in language  on input line 74.
Package babel Info: Redefining german shorthand "~
(babel)             in language  on input line 74.
Package babel Info: Redefining german shorthand "f
(babel)             in language  on input line 74.
Package babel Info: Redefining german shorthand "|
(babel)             in language  on input line 74.
Package babel Info: Redefining german shorthand "~
(babel)             in language  on input line 74.
 [27] (./12_RdE/main.tex
Package babel Info: Redefining german shorthand "f
(babel)             in language  on input line 1.
Package babel Info: Redefining german shorthand "|
(babel)             in language  on input line 1.
Package babel Info: Redefining german shorthand "~
(babel)             in language  on input line 1.
)
Package babel Info: Redefining german shorthand "f
(babel)             in language  on input line 77.
Package babel Info: Redefining german shorthand "|
(babel)             in language  on input line 77.
Package babel Info: Redefining german shorthand "~
(babel)             in language  on input line 77.
Package babel Info: Redefining german shorthand "f
(babel)             in language  on input line 77.
Package babel Info: Redefining german shorthand "|
(babel)             in language  on input line 77.
Package babel Info: Redefining german shorthand "~
(babel)             in language  on input line 77.
 [28]
chapter 3.
Package babel Info: Redefining german shorthand "f
(babel)             in language  on input line 77.
Package babel Info: Redefining german shorthand "|
(babel)             in language  on input line 77.
Package babel Info: Redefining german shorthand "~
(babel)             in language  on input line 77.
Package babel Info: Redefining german shorthand "f
(babel)             in language  on input line 79.
Package babel Info: Redefining german shorthand "|
(babel)             in language  on input line 79.
Package babel Info: Redefining german shorthand "~
(babel)             in language  on input line 79.
Package babel Info: Redefining german shorthand "f
(babel)             in language  on input line 79.
Package babel Info: Redefining german shorthand "|
(babel)             in language  on input line 79.
Package babel Info: Redefining german shorthand "~
(babel)             in language  on input line 79.
[29

]
\openout2 = `./spielmitschriften/sus.aux'.

 (./spielmitschriften/sus.tex
Package babel Info: Redefining german shorthand "f
(babel)             in language  on input line 3.
Package babel Info: Redefining german shorthand "|
(babel)             in language  on input line 3.
Package babel Info: Redefining german shorthand "~
(babel)             in language  on input line 3.
Package babel Info: Redefining german shorthand "f
(babel)             in language  on input line 6.
Package babel Info: Redefining german shorthand "|
(babel)             in language  on input line 6.
Package babel Info: Redefining german shorthand "~
(babel)             in language  on input line 6.
Package babel Info: Redefining german shorthand "f
(babel)             in language  on input line 22.
Package babel Info: Redefining german shorthand "|
(babel)             in language  on input line 22.
Package babel Info: Redefining german shorthand "~
(babel)             in language  on input line 22.
Package babel Info: Redefining german shorthand "f
(babel)             in language  on input line 34.
Package babel Info: Redefining german shorthand "|
(babel)             in language  on input line 34.
Package babel Info: Redefining german shorthand "~
(babel)             in language  on input line 34.
Package babel Info: Redefining german shorthand "f
(babel)             in language  on input line 44.
Package babel Info: Redefining german shorthand "|
(babel)             in language  on input line 44.
Package babel Info: Redefining german shorthand "~
(babel)             in language  on input line 44.
Package babel Info: Redefining german shorthand "f
(babel)             in language  on input line 53.
Package babel Info: Redefining german shorthand "|
(babel)             in language  on input line 53.
Package babel Info: Redefining german shorthand "~
(babel)             in language  on input line 53.
Package babel Info: Redefining german shorthand "f
(babel)             in language  on input line 72.
Package babel Info: Redefining german shorthand "|
(babel)             in language  on input line 72.
Package babel Info: Redefining german shorthand "~
(babel)             in language  on input line 72.
Package babel Info: Redefining german shorthand "f
(babel)             in language  on input line 89.
Package babel Info: Redefining german shorthand "|
(babel)             in language  on input line 89.
Package babel Info: Redefining german shorthand "~
(babel)             in language  on input line 89.
Package babel Info: Redefining german shorthand "f
(babel)             in language  on input line 89.
Package babel Info: Redefining german shorthand "|
(babel)             in language  on input line 89.
Package babel Info: Redefining german shorthand "~
(babel)             in language  on input line 89.
 [30

]
Package babel Info: Redefining german shorthand "f
(babel)             in language  on input line 91.
Package babel Info: Redefining german shorthand "|
(babel)             in language  on input line 91.
Package babel Info: Redefining german shorthand "~
(babel)             in language  on input line 91.
Package babel Info: Redefining german shorthand "f
(babel)             in language  on input line 102.
Package babel Info: Redefining german shorthand "|
(babel)             in language  on input line 102.
Package babel Info: Redefining german shorthand "~
(babel)             in language  on input line 102.
Package babel Info: Redefining german shorthand "f
(babel)             in language  on input line 116.
Package babel Info: Redefining german shorthand "|
(babel)             in language  on input line 116.
Package babel Info: Redefining german shorthand "~
(babel)             in language  on input line 116.
Package babel Info: Redefining german shorthand "f
(babel)             in language  on input line 147.
Package babel Info: Redefining german shorthand "|
(babel)             in language  on input line 147.
Package babel Info: Redefining german shorthand "~
(babel)             in language  on input line 147.
)
Package babel Info: Redefining german shorthand "f
(babel)             in language  on input line 79.
Package babel Info: Redefining german shorthand "|
(babel)             in language  on input line 79.
Package babel Info: Redefining german shorthand "~
(babel)             in language  on input line 79.
Package babel Info: Redefining german shorthand "f
(babel)             in language  on input line 79.
Package babel Info: Redefining german shorthand "|
(babel)             in language  on input line 79.
Package babel Info: Redefining german shorthand "~
(babel)             in language  on input line 79.
 [31]
\openout2 = `./spielmitschriften/selem.aux'.

 (./spielmitschriften/selem.tex
Package babel Info: Redefining german shorthand "f
(babel)             in language  on input line 3.
Package babel Info: Redefining german shorthand "|
(babel)             in language  on input line 3.
Package babel Info: Redefining german shorthand "~
(babel)             in language  on input line 3.
Package babel Info: Redefining german shorthand "f
(babel)             in language  on input line 12.
Package babel Info: Redefining german shorthand "|
(babel)             in language  on input line 12.
Package babel Info: Redefining german shorthand "~
(babel)             in language  on input line 12.
Package babel Info: Redefining german shorthand "f
(babel)             in language  on input line 53.
Package babel Info: Redefining german shorthand "|
(babel)             in language  on input line 53.
Package babel Info: Redefining german shorthand "~
(babel)             in language  on input line 53.
Package babel Info: Redefining german shorthand "f
(babel)             in language  on input line 65.
Package babel Info: Redefining german shorthand "|
(babel)             in language  on input line 65.
Package babel Info: Redefining german shorthand "~
(babel)             in language  on input line 65.
Package babel Info: Redefining german shorthand "f
(babel)             in language  on input line 93.
Package babel Info: Redefining german shorthand "|
(babel)             in language  on input line 93.
Package babel Info: Redefining german shorthand "~
(babel)             in language  on input line 93.
Package babel Info: Redefining german shorthand "f
(babel)             in language  on input line 93.
Package babel Info: Redefining german shorthand "|
(babel)             in language  on input line 93.
Package babel Info: Redefining german shorthand "~
(babel)             in language  on input line 93.

[32


])
Package babel Info: Redefining german shorthand "f
(babel)             in language  on input line 80.
Package babel Info: Redefining german shorthand "|
(babel)             in language  on input line 80.
Package babel Info: Redefining german shorthand "~
(babel)             in language  on input line 80.
Package babel Info: Redefining german shorthand "f
(babel)             in language  on input line 80.
Package babel Info: Redefining german shorthand "|
(babel)             in language  on input line 80.
Package babel Info: Redefining german shorthand "~
(babel)             in language  on input line 80.
 [33]
chapter 4.
Package babel Info: Redefining german shorthand "f
(babel)             in language  on input line 82.
Package babel Info: Redefining german shorthand "|
(babel)             in language  on input line 82.
Package babel Info: Redefining german shorthand "~
(babel)             in language  on input line 82.
(./NPC/main.tex
Package babel Info: Redefining german shorthand "f
(babel)             in language  on input line 3.
Package babel Info: Redefining german shorthand "|
(babel)             in language  on input line 3.
Package babel Info: Redefining german shorthand "~
(babel)             in language  on input line 3.
Package babel Info: Redefining german shorthand "f
(babel)             in language  on input line 4.
Package babel Info: Redefining german shorthand "|
(babel)             in language  on input line 4.
Package babel Info: Redefining german shorthand "~
(babel)             in language  on input line 4.
Package babel Info: Redefining german shorthand "f
(babel)             in language  on input line 20.
Package babel Info: Redefining german shorthand "|
(babel)             in language  on input line 20.
Package babel Info: Redefining german shorthand "~
(babel)             in language  on input line 20.
Package babel Info: Redefining german shorthand "f
(babel)             in language  on input line 23.
Package babel Info: Redefining german shorthand "|
(babel)             in language  on input line 23.
Package babel Info: Redefining german shorthand "~
(babel)             in language  on input line 23.
Package babel Info: Redefining german shorthand "f
(babel)             in language  on input line 26.
Package babel Info: Redefining german shorthand "|
(babel)             in language  on input line 26.
Package babel Info: Redefining german shorthand "~
(babel)             in language  on input line 26.
Package babel Info: Redefining german shorthand "f
(babel)             in language  on input line 31.
Package babel Info: Redefining german shorthand "|
(babel)             in language  on input line 31.
Package babel Info: Redefining german shorthand "~
(babel)             in language  on input line 31.
Package babel Info: Redefining german shorthand "f
(babel)             in language  on input line 33.
Package babel Info: Redefining german shorthand "|
(babel)             in language  on input line 33.
Package babel Info: Redefining german shorthand "~
(babel)             in language  on input line 33.
Package babel Info: Redefining german shorthand "f
(babel)             in language  on input line 33.
Package babel Info: Redefining german shorthand "|
(babel)             in language  on input line 33.
Package babel Info: Redefining german shorthand "~
(babel)             in language  on input line 33.
 [34


]
Package babel Info: Redefining german shorthand "f
(babel)             in language  on input line 36.
Package babel Info: Redefining german shorthand "|
(babel)             in language  on input line 36.
Package babel Info: Redefining german shorthand "~
(babel)             in language  on input line 36.
Package babel Info: Redefining german shorthand "f
(babel)             in language  on input line 41.
Package babel Info: Redefining german shorthand "|
(babel)             in language  on input line 41.
Package babel Info: Redefining german shorthand "~
(babel)             in language  on input line 41.
Package babel Info: Redefining german shorthand "f
(babel)             in language  on input line 44.
Package babel Info: Redefining german shorthand "|
(babel)             in language  on input line 44.
Package babel Info: Redefining german shorthand "~
(babel)             in language  on input line 44.
Package babel Info: Redefining german shorthand "f
(babel)             in language  on input line 47.
Package babel Info: Redefining german shorthand "|
(babel)             in language  on input line 47.
Package babel Info: Redefining german shorthand "~
(babel)             in language  on input line 47.
Package babel Info: Redefining german shorthand "f
(babel)             in language  on input line 54.
Package babel Info: Redefining german shorthand "|
(babel)             in language  on input line 54.
Package babel Info: Redefining german shorthand "~
(babel)             in language  on input line 54.
Package babel Info: Redefining german shorthand "f
(babel)             in language  on input line 57.
Package babel Info: Redefining german shorthand "|
(babel)             in language  on input line 57.
Package babel Info: Redefining german shorthand "~
(babel)             in language  on input line 57.
Package babel Info: Redefining german shorthand "f
(babel)             in language  on input line 60.
Package babel Info: Redefining german shorthand "|
(babel)             in language  on input line 60.
Package babel Info: Redefining german shorthand "~
(babel)             in language  on input line 60.
Package babel Info: Redefining german shorthand "f
(babel)             in language  on input line 60.
Package babel Info: Redefining german shorthand "|
(babel)             in language  on input line 60.
Package babel Info: Redefining german shorthand "~
(babel)             in language  on input line 60.
 [35]
Package babel Info: Redefining german shorthand "f
(babel)             in language  on input line 63.
Package babel Info: Redefining german shorthand "|
(babel)             in language  on input line 63.
Package babel Info: Redefining german shorthand "~
(babel)             in language  on input line 63.
Package babel Info: Redefining german shorthand "f
(babel)             in language  on input line 66.
Package babel Info: Redefining german shorthand "|
(babel)             in language  on input line 66.
Package babel Info: Redefining german shorthand "~
(babel)             in language  on input line 66.
Package babel Info: Redefining german shorthand "f
(babel)             in language  on input line 69.
Package babel Info: Redefining german shorthand "|
(babel)             in language  on input line 69.
Package babel Info: Redefining german shorthand "~
(babel)             in language  on input line 69.
Package babel Info: Redefining german shorthand "f
(babel)             in language  on input line 71.
Package babel Info: Redefining german shorthand "|
(babel)             in language  on input line 71.
Package babel Info: Redefining german shorthand "~
(babel)             in language  on input line 71.
Package babel Info: Redefining german shorthand "f
(babel)             in language  on input line 74.
Package babel Info: Redefining german shorthand "|
(babel)             in language  on input line 74.
Package babel Info: Redefining german shorthand "~
(babel)             in language  on input line 74.
Package babel Info: Redefining german shorthand "f
(babel)             in language  on input line 77.
Package babel Info: Redefining german shorthand "|
(babel)             in language  on input line 77.
Package babel Info: Redefining german shorthand "~
(babel)             in language  on input line 77.
Package babel Info: Redefining german shorthand "f
(babel)             in language  on input line 82.
Package babel Info: Redefining german shorthand "|
(babel)             in language  on input line 82.
Package babel Info: Redefining german shorthand "~
(babel)             in language  on input line 82.
Package babel Info: Redefining german shorthand "f
(babel)             in language  on input line 86.
Package babel Info: Redefining german shorthand "|
(babel)             in language  on input line 86.
Package babel Info: Redefining german shorthand "~
(babel)             in language  on input line 86.
Package babel Info: Redefining german shorthand "f
(babel)             in language  on input line 86.
Package babel Info: Redefining german shorthand "|
(babel)             in language  on input line 86.
Package babel Info: Redefining german shorthand "~
(babel)             in language  on input line 86.
 [36]
Package babel Info: Redefining german shorthand "f
(babel)             in language  on input line 91.
Package babel Info: Redefining german shorthand "|
(babel)             in language  on input line 91.
Package babel Info: Redefining german shorthand "~
(babel)             in language  on input line 91.
Package babel Info: Redefining german shorthand "f
(babel)             in language  on input line 94.
Package babel Info: Redefining german shorthand "|
(babel)             in language  on input line 94.
Package babel Info: Redefining german shorthand "~
(babel)             in language  on input line 94.
Package babel Info: Redefining german shorthand "f
(babel)             in language  on input line 95.
Package babel Info: Redefining german shorthand "|
(babel)             in language  on input line 95.
Package babel Info: Redefining german shorthand "~
(babel)             in language  on input line 95.
Package babel Info: Redefining german shorthand "f
(babel)             in language  on input line 96.
Package babel Info: Redefining german shorthand "|
(babel)             in language  on input line 96.
Package babel Info: Redefining german shorthand "~
(babel)             in language  on input line 96.
Package babel Info: Redefining german shorthand "f
(babel)             in language  on input line 99.
Package babel Info: Redefining german shorthand "|
(babel)             in language  on input line 99.
Package babel Info: Redefining german shorthand "~
(babel)             in language  on input line 99.
Package babel Info: Redefining german shorthand "f
(babel)             in language  on input line 108.
Package babel Info: Redefining german shorthand "|
(babel)             in language  on input line 108.
Package babel Info: Redefining german shorthand "~
(babel)             in language  on input line 108.
Package babel Info: Redefining german shorthand "f
(babel)             in language  on input line 109.
Package babel Info: Redefining german shorthand "|
(babel)             in language  on input line 109.
Package babel Info: Redefining german shorthand "~
(babel)             in language  on input line 109.
Package babel Info: Redefining german shorthand "f
(babel)             in language  on input line 112.
Package babel Info: Redefining german shorthand "|
(babel)             in language  on input line 112.
Package babel Info: Redefining german shorthand "~
(babel)             in language  on input line 112.
Package babel Info: Redefining german shorthand "f
(babel)             in language  on input line 114.
Package babel Info: Redefining german shorthand "|
(babel)             in language  on input line 114.
Package babel Info: Redefining german shorthand "~
(babel)             in language  on input line 114.
Package babel Info: Redefining german shorthand "f
(babel)             in language  on input line 114.
Package babel Info: Redefining german shorthand "|
(babel)             in language  on input line 114.
Package babel Info: Redefining german shorthand "~
(babel)             in language  on input line 114.
 [37]
Package babel Info: Redefining german shorthand "f
(babel)             in language  on input line 117.
Package babel Info: Redefining german shorthand "|
(babel)             in language  on input line 117.
Package babel Info: Redefining german shorthand "~
(babel)             in language  on input line 117.
Package babel Info: Redefining german shorthand "f
(babel)             in language  on input line 118.
Package babel Info: Redefining german shorthand "|
(babel)             in language  on input line 118.
Package babel Info: Redefining german shorthand "~
(babel)             in language  on input line 118.
Package babel Info: Redefining german shorthand "f
(babel)             in language  on input line 121.
Package babel Info: Redefining german shorthand "|
(babel)             in language  on input line 121.
Package babel Info: Redefining german shorthand "~
(babel)             in language  on input line 121.
Package babel Info: Redefining german shorthand "f
(babel)             in language  on input line 126.
Package babel Info: Redefining german shorthand "|
(babel)             in language  on input line 126.
Package babel Info: Redefining german shorthand "~
(babel)             in language  on input line 126.
Package babel Info: Redefining german shorthand "f
(babel)             in language  on input line 129.
Package babel Info: Redefining german shorthand "|
(babel)             in language  on input line 129.
Package babel Info: Redefining german shorthand "~
(babel)             in language  on input line 129.
Package babel Info: Redefining german shorthand "f
(babel)             in language  on input line 131.
Package babel Info: Redefining german shorthand "|
(babel)             in language  on input line 131.
Package babel Info: Redefining german shorthand "~
(babel)             in language  on input line 131.
Package babel Info: Redefining german shorthand "f
(babel)             in language  on input line 132.
Package babel Info: Redefining german shorthand "|
(babel)             in language  on input line 132.
Package babel Info: Redefining german shorthand "~
(babel)             in language  on input line 132.
Package babel Info: Redefining german shorthand "f
(babel)             in language  on input line 133.
Package babel Info: Redefining german shorthand "|
(babel)             in language  on input line 133.
Package babel Info: Redefining german shorthand "~
(babel)             in language  on input line 133.
Package babel Info: Redefining german shorthand "f
(babel)             in language  on input line 134.
Package babel Info: Redefining german shorthand "|
(babel)             in language  on input line 134.
Package babel Info: Redefining german shorthand "~
(babel)             in language  on input line 134.
Package babel Info: Redefining german shorthand "f
(babel)             in language  on input line 136.
Package babel Info: Redefining german shorthand "|
(babel)             in language  on input line 136.
Package babel Info: Redefining german shorthand "~
(babel)             in language  on input line 136.
Package babel Info: Redefining german shorthand "f
(babel)             in language  on input line 140.
Package babel Info: Redefining german shorthand "|
(babel)             in language  on input line 140.
Package babel Info: Redefining german shorthand "~
(babel)             in language  on input line 140.
Package babel Info: Redefining german shorthand "f
(babel)             in language  on input line 140.
Package babel Info: Redefining german shorthand "|
(babel)             in language  on input line 140.
Package babel Info: Redefining german shorthand "~
(babel)             in language  on input line 140.
 [38]
Package babel Info: Redefining german shorthand "f
(babel)             in language  on input line 141.
Package babel Info: Redefining german shorthand "|
(babel)             in language  on input line 141.
Package babel Info: Redefining german shorthand "~
(babel)             in language  on input line 141.
Package babel Info: Redefining german shorthand "f
(babel)             in language  on input line 144.
Package babel Info: Redefining german shorthand "|
(babel)             in language  on input line 144.
Package babel Info: Redefining german shorthand "~
(babel)             in language  on input line 144.
Package babel Info: Redefining german shorthand "f
(babel)             in language  on input line 145.
Package babel Info: Redefining german shorthand "|
(babel)             in language  on input line 145.
Package babel Info: Redefining german shorthand "~
(babel)             in language  on input line 145.
Package babel Info: Redefining german shorthand "f
(babel)             in language  on input line 148.
Package babel Info: Redefining german shorthand "|
(babel)             in language  on input line 148.
Package babel Info: Redefining german shorthand "~
(babel)             in language  on input line 148.
Package babel Info: Redefining german shorthand "f
(babel)             in language  on input line 151.
Package babel Info: Redefining german shorthand "|
(babel)             in language  on input line 151.
Package babel Info: Redefining german shorthand "~
(babel)             in language  on input line 151.
Package babel Info: Redefining german shorthand "f
(babel)             in language  on input line 156.
Package babel Info: Redefining german shorthand "|
(babel)             in language  on input line 156.
Package babel Info: Redefining german shorthand "~
(babel)             in language  on input line 156.
Package babel Info: Redefining german shorthand "f
(babel)             in language  on input line 157.
Package babel Info: Redefining german shorthand "|
(babel)             in language  on input line 157.
Package babel Info: Redefining german shorthand "~
(babel)             in language  on input line 157.
Package babel Info: Redefining german shorthand "f
(babel)             in language  on input line 162.
Package babel Info: Redefining german shorthand "|
(babel)             in language  on input line 162.
Package babel Info: Redefining german shorthand "~
(babel)             in language  on input line 162.
Package babel Info: Redefining german shorthand "f
(babel)             in language  on input line 167.
Package babel Info: Redefining german shorthand "|
(babel)             in language  on input line 167.
Package babel Info: Redefining german shorthand "~
(babel)             in language  on input line 167.
Package babel Info: Redefining german shorthand "f
(babel)             in language  on input line 168.
Package babel Info: Redefining german shorthand "|
(babel)             in language  on input line 168.
Package babel Info: Redefining german shorthand "~
(babel)             in language  on input line 168.
Package babel Info: Redefining german shorthand "f
(babel)             in language  on input line 170.
Package babel Info: Redefining german shorthand "|
(babel)             in language  on input line 170.
Package babel Info: Redefining german shorthand "~
(babel)             in language  on input line 170.
Package babel Info: Redefining german shorthand "f
(babel)             in language  on input line 170.
Package babel Info: Redefining german shorthand "|
(babel)             in language  on input line 170.
Package babel Info: Redefining german shorthand "~
(babel)             in language  on input line 170.
 [39]
Package babel Info: Redefining german shorthand "f
(babel)             in language  on input line 181.
Package babel Info: Redefining german shorthand "|
(babel)             in language  on input line 181.
Package babel Info: Redefining german shorthand "~
(babel)             in language  on input line 181.
Package babel Info: Redefining german shorthand "f
(babel)             in language  on input line 182.
Package babel Info: Redefining german shorthand "|
(babel)             in language  on input line 182.
Package babel Info: Redefining german shorthand "~
(babel)             in language  on input line 182.
Package babel Info: Redefining german shorthand "f
(babel)             in language  on input line 185.
Package babel Info: Redefining german shorthand "|
(babel)             in language  on input line 185.
Package babel Info: Redefining german shorthand "~
(babel)             in language  on input line 185.
Package babel Info: Redefining german shorthand "f
(babel)             in language  on input line 188.
Package babel Info: Redefining german shorthand "|
(babel)             in language  on input line 188.
Package babel Info: Redefining german shorthand "~
(babel)             in language  on input line 188.
Package babel Info: Redefining german shorthand "f
(babel)             in language  on input line 193.
Package babel Info: Redefining german shorthand "|
(babel)             in language  on input line 193.
Package babel Info: Redefining german shorthand "~
(babel)             in language  on input line 193.
Package babel Info: Redefining german shorthand "f
(babel)             in language  on input line 195.
Package babel Info: Redefining german shorthand "|
(babel)             in language  on input line 195.
Package babel Info: Redefining german shorthand "~
(babel)             in language  on input line 195.
Package babel Info: Redefining german shorthand "f
(babel)             in language  on input line 195.
Package babel Info: Redefining german shorthand "|
(babel)             in language  on input line 195.
Package babel Info: Redefining german shorthand "~
(babel)             in language  on input line 195.
 [40]
Package babel Info: Redefining german shorthand "f
(babel)             in language  on input line 196.
Package babel Info: Redefining german shorthand "|
(babel)             in language  on input line 196.
Package babel Info: Redefining german shorthand "~
(babel)             in language  on input line 196.
Package babel Info: Redefining german shorthand "f
(babel)             in language  on input line 201.
Package babel Info: Redefining german shorthand "|
(babel)             in language  on input line 201.
Package babel Info: Redefining german shorthand "~
(babel)             in language  on input line 201.
Package babel Info: Redefining german shorthand "f
(babel)             in language  on input line 204.
Package babel Info: Redefining german shorthand "|
(babel)             in language  on input line 204.
Package babel Info: Redefining german shorthand "~
(babel)             in language  on input line 204.
Package babel Info: Redefining german shorthand "f
(babel)             in language  on input line 207.
Package babel Info: Redefining german shorthand "|
(babel)             in language  on input line 207.
Package babel Info: Redefining german shorthand "~
(babel)             in language  on input line 207.
Package babel Info: Redefining german shorthand "f
(babel)             in language  on input line 208.
Package babel Info: Redefining german shorthand "|
(babel)             in language  on input line 208.
Package babel Info: Redefining german shorthand "~
(babel)             in language  on input line 208.
Package babel Info: Redefining german shorthand "f
(babel)             in language  on input line 211.
Package babel Info: Redefining german shorthand "|
(babel)             in language  on input line 211.
Package babel Info: Redefining german shorthand "~
(babel)             in language  on input line 211.
Package babel Info: Redefining german shorthand "f
(babel)             in language  on input line 214.
Package babel Info: Redefining german shorthand "|
(babel)             in language  on input line 214.
Package babel Info: Redefining german shorthand "~
(babel)             in language  on input line 214.
Package babel Info: Redefining german shorthand "f
(babel)             in language  on input line 220.
Package babel Info: Redefining german shorthand "|
(babel)             in language  on input line 220.
Package babel Info: Redefining german shorthand "~
(babel)             in language  on input line 220.
Package babel Info: Redefining german shorthand "f
(babel)             in language  on input line 220.
Package babel Info: Redefining german shorthand "|
(babel)             in language  on input line 220.
Package babel Info: Redefining german shorthand "~
(babel)             in language  on input line 220.
 [41]
Package babel Info: Redefining german shorthand "f
(babel)             in language  on input line 223.
Package babel Info: Redefining german shorthand "|
(babel)             in language  on input line 223.
Package babel Info: Redefining german shorthand "~
(babel)             in language  on input line 223.
Package babel Info: Redefining german shorthand "f
(babel)             in language  on input line 229.
Package babel Info: Redefining german shorthand "|
(babel)             in language  on input line 229.
Package babel Info: Redefining german shorthand "~
(babel)             in language  on input line 229.
Package babel Info: Redefining german shorthand "f
(babel)             in language  on input line 236.
Package babel Info: Redefining german shorthand "|
(babel)             in language  on input line 236.
Package babel Info: Redefining german shorthand "~
(babel)             in language  on input line 236.
Package babel Info: Redefining german shorthand "f
(babel)             in language  on input line 243.
Package babel Info: Redefining german shorthand "|
(babel)             in language  on input line 243.
Package babel Info: Redefining german shorthand "~
(babel)             in language  on input line 243.
Package babel Info: Redefining german shorthand "f
(babel)             in language  on input line 245.
Package babel Info: Redefining german shorthand "|
(babel)             in language  on input line 245.
Package babel Info: Redefining german shorthand "~
(babel)             in language  on input line 245.
Package babel Info: Redefining german shorthand "f
(babel)             in language  on input line 245.
Package babel Info: Redefining german shorthand "|
(babel)             in language  on input line 245.
Package babel Info: Redefining german shorthand "~
(babel)             in language  on input line 245.
 [42]
Package babel Info: Redefining german shorthand "f
(babel)             in language  on input line 246.
Package babel Info: Redefining german shorthand "|
(babel)             in language  on input line 246.
Package babel Info: Redefining german shorthand "~
(babel)             in language  on input line 246.
Package babel Info: Redefining german shorthand "f
(babel)             in language  on input line 249.
Package babel Info: Redefining german shorthand "|
(babel)             in language  on input line 249.
Package babel Info: Redefining german shorthand "~
(babel)             in language  on input line 249.
Package babel Info: Redefining german shorthand "f
(babel)             in language  on input line 250.
Package babel Info: Redefining german shorthand "|
(babel)             in language  on input line 250.
Package babel Info: Redefining german shorthand "~
(babel)             in language  on input line 250.
Package babel Info: Redefining german shorthand "f
(babel)             in language  on input line 255.
Package babel Info: Redefining german shorthand "|
(babel)             in language  on input line 255.
Package babel Info: Redefining german shorthand "~
(babel)             in language  on input line 255.
Package babel Info: Redefining german shorthand "f
(babel)             in language  on input line 258.
Package babel Info: Redefining german shorthand "|
(babel)             in language  on input line 258.
Package babel Info: Redefining german shorthand "~
(babel)             in language  on input line 258.
)
Package babel Info: Redefining german shorthand "f
(babel)             in language  on input line 86.
Package babel Info: Redefining german shorthand "|
(babel)             in language  on input line 86.
Package babel Info: Redefining german shorthand "~
(babel)             in language  on input line 86.
Package babel Info: Redefining german shorthand "f
(babel)             in language  on input line 86.
Package babel Info: Redefining german shorthand "|
(babel)             in language  on input line 86.
Package babel Info: Redefining german shorthand "~
(babel)             in language  on input line 86.
 [43]
chapter 5.
Package babel Info: Redefining german shorthand "f
(babel)             in language  on input line 86.
Package babel Info: Redefining german shorthand "|
(babel)             in language  on input line 86.
Package babel Info: Redefining german shorthand "~
(babel)             in language  on input line 86.
(./Prophezeiungen/main.tex (./Prophezeiungen/OvF.tex
Package babel Info: Redefining german shorthand "f
(babel)             in language  on input line 1.
Package babel Info: Redefining german shorthand "|
(babel)             in language  on input line 1.
Package babel Info: Redefining german shorthand "~
(babel)             in language  on input line 1.
Package babel Info: Redefining german shorthand "f
(babel)             in language  on input line 33.
Package babel Info: Redefining german shorthand "|
(babel)             in language  on input line 33.
Package babel Info: Redefining german shorthand "~
(babel)             in language  on input line 33.
Package babel Info: Redefining german shorthand "f
(babel)             in language  on input line 33.
Package babel Info: Redefining german shorthand "|
(babel)             in language  on input line 33.
Package babel Info: Redefining german shorthand "~
(babel)             in language  on input line 33.
 [44

]
Package babel Info: Redefining german shorthand "f
(babel)             in language  on input line 61.
Package babel Info: Redefining german shorthand "|
(babel)             in language  on input line 61.
Package babel Info: Redefining german shorthand "~
(babel)             in language  on input line 61.
Package babel Info: Redefining german shorthand "f
(babel)             in language  on input line 61.
Package babel Info: Redefining german shorthand "|
(babel)             in language  on input line 61.
Package babel Info: Redefining german shorthand "~
(babel)             in language  on input line 61.
 [45]
Underfull \hbox (badness 10000) in paragraph at lines 86--87

 []

Package babel Info: Redefining german shorthand "f
(babel)             in language  on input line 88.
Package babel Info: Redefining german shorthand "|
(babel)             in language  on input line 88.
Package babel Info: Redefining german shorthand "~
(babel)             in language  on input line 88.
Package babel Info: Redefining german shorthand "f
(babel)             in language  on input line 88.
Package babel Info: Redefining german shorthand "|
(babel)             in language  on input line 88.
Package babel Info: Redefining german shorthand "~
(babel)             in language  on input line 88.
[46]) (./Prophezeiungen/Alanfa.tex
Package babel Info: Redefining german shorthand "f
(babel)             in language  on input line 1.
Package babel Info: Redefining german shorthand "|
(babel)             in language  on input line 1.
Package babel Info: Redefining german shorthand "~
(babel)             in language  on input line 1.
Package babel Info: Redefining german shorthand "f
(babel)             in language  on input line 62.
Package babel Info: Redefining german shorthand "|
(babel)             in language  on input line 62.
Package babel Info: Redefining german shorthand "~
(babel)             in language  on input line 62.
Package babel Info: Redefining german shorthand "f
(babel)             in language  on input line 62.
Package babel Info: Redefining german shorthand "|
(babel)             in language  on input line 62.
Package babel Info: Redefining german shorthand "~
(babel)             in language  on input line 62.
 [47]))
Package babel Info: Redefining german shorthand "f
(babel)             in language  on input line 90.
Package babel Info: Redefining german shorthand "|
(babel)             in language  on input line 90.
Package babel Info: Redefining german shorthand "~
(babel)             in language  on input line 90.
Package babel Info: Redefining german shorthand "f
(babel)             in language  on input line 90.
Package babel Info: Redefining german shorthand "|
(babel)             in language  on input line 90.
Package babel Info: Redefining german shorthand "~
(babel)             in language  on input line 90.
 [48]
chapter 6.
Package babel Info: Redefining german shorthand "f
(babel)             in language  on input line 90.
Package babel Info: Redefining german shorthand "|
(babel)             in language  on input line 90.
Package babel Info: Redefining german shorthand "~
(babel)             in language  on input line 90.
(./Zeichen/main.tex (./Zeichen/1.tex
Package babel Info: Redefining german shorthand "f
(babel)             in language  on input line 1.
Package babel Info: Redefining german shorthand "|
(babel)             in language  on input line 1.
Package babel Info: Redefining german shorthand "~
(babel)             in language  on input line 1.
Package babel Info: Redefining german shorthand "f
(babel)             in language  on input line 3.
Package babel Info: Redefining german shorthand "|
(babel)             in language  on input line 3.
Package babel Info: Redefining german shorthand "~
(babel)             in language  on input line 3.
Package babel Info: Redefining german shorthand "f
(babel)             in language  on input line 5.
Package babel Info: Redefining german shorthand "|
(babel)             in language  on input line 5.
Package babel Info: Redefining german shorthand "~
(babel)             in language  on input line 5.
Package babel Info: Redefining german shorthand "f
(babel)             in language  on input line 7.
Package babel Info: Redefining german shorthand "|
(babel)             in language  on input line 7.
Package babel Info: Redefining german shorthand "~
(babel)             in language  on input line 7.
) (./Zeichen/2.tex
Package babel Info: Redefining german shorthand "f
(babel)             in language  on input line 1.
Package babel Info: Redefining german shorthand "|
(babel)             in language  on input line 1.
Package babel Info: Redefining german shorthand "~
(babel)             in language  on input line 1.
Package babel Info: Redefining german shorthand "f
(babel)             in language  on input line 3.
Package babel Info: Redefining german shorthand "|
(babel)             in language  on input line 3.
Package babel Info: Redefining german shorthand "~
(babel)             in language  on input line 3.
Package babel Info: Redefining german shorthand "f
(babel)             in language  on input line 5.
Package babel Info: Redefining german shorthand "|
(babel)             in language  on input line 5.
Package babel Info: Redefining german shorthand "~
(babel)             in language  on input line 5.
Package babel Info: Redefining german shorthand "f
(babel)             in language  on input line 7.
Package babel Info: Redefining german shorthand "|
(babel)             in language  on input line 7.
Package babel Info: Redefining german shorthand "~
(babel)             in language  on input line 7.
) (./Zeichen/3.tex
Package babel Info: Redefining german shorthand "f
(babel)             in language  on input line 1.
Package babel Info: Redefining german shorthand "|
(babel)             in language  on input line 1.
Package babel Info: Redefining german shorthand "~
(babel)             in language  on input line 1.
Package babel Info: Redefining german shorthand "f
(babel)             in language  on input line 3.
Package babel Info: Redefining german shorthand "|
(babel)             in language  on input line 3.
Package babel Info: Redefining german shorthand "~
(babel)             in language  on input line 3.
Package babel Info: Redefining german shorthand "f
(babel)             in language  on input line 5.
Package babel Info: Redefining german shorthand "|
(babel)             in language  on input line 5.
Package babel Info: Redefining german shorthand "~
(babel)             in language  on input line 5.
Package babel Info: Redefining german shorthand "f
(babel)             in language  on input line 8.
Package babel Info: Redefining german shorthand "|
(babel)             in language  on input line 8.
Package babel Info: Redefining german shorthand "~
(babel)             in language  on input line 8.
)
(./Zeichen/4.tex
Package babel Info: Redefining german shorthand "f
(babel)             in language  on input line 1.
Package babel Info: Redefining german shorthand "|
(babel)             in language  on input line 1.
Package babel Info: Redefining german shorthand "~
(babel)             in language  on input line 1.
Package babel Info: Redefining german shorthand "f
(babel)             in language  on input line 3.
Package babel Info: Redefining german shorthand "|
(babel)             in language  on input line 3.
Package babel Info: Redefining german shorthand "~
(babel)             in language  on input line 3.
Package babel Info: Redefining german shorthand "f
(babel)             in language  on input line 5.
Package babel Info: Redefining german shorthand "|
(babel)             in language  on input line 5.
Package babel Info: Redefining german shorthand "~
(babel)             in language  on input line 5.
Package babel Info: Redefining german shorthand "f
(babel)             in language  on input line 8.
Package babel Info: Redefining german shorthand "|
(babel)             in language  on input line 8.
Package babel Info: Redefining german shorthand "~
(babel)             in language  on input line 8.
) (./Zeichen/5.tex
Package babel Info: Redefining german shorthand "f
(babel)             in language  on input line 1.
Package babel Info: Redefining german shorthand "|
(babel)             in language  on input line 1.
Package babel Info: Redefining german shorthand "~
(babel)             in language  on input line 1.
Package babel Info: Redefining german shorthand "f
(babel)             in language  on input line 3.
Package babel Info: Redefining german shorthand "|
(babel)             in language  on input line 3.
Package babel Info: Redefining german shorthand "~
(babel)             in language  on input line 3.
Package babel Info: Redefining german shorthand "f
(babel)             in language  on input line 5.
Package babel Info: Redefining german shorthand "|
(babel)             in language  on input line 5.
Package babel Info: Redefining german shorthand "~
(babel)             in language  on input line 5.
Package babel Info: Redefining german shorthand "f
(babel)             in language  on input line 8.
Package babel Info: Redefining german shorthand "|
(babel)             in language  on input line 8.
Package babel Info: Redefining german shorthand "~
(babel)             in language  on input line 8.
) (./Zeichen/6.tex
Package babel Info: Redefining german shorthand "f
(babel)             in language  on input line 1.
Package babel Info: Redefining german shorthand "|
(babel)             in language  on input line 1.
Package babel Info: Redefining german shorthand "~
(babel)             in language  on input line 1.
Package babel Info: Redefining german shorthand "f
(babel)             in language  on input line 3.
Package babel Info: Redefining german shorthand "|
(babel)             in language  on input line 3.
Package babel Info: Redefining german shorthand "~
(babel)             in language  on input line 3.
Package babel Info: Redefining german shorthand "f
(babel)             in language  on input line 5.
Package babel Info: Redefining german shorthand "|
(babel)             in language  on input line 5.
Package babel Info: Redefining german shorthand "~
(babel)             in language  on input line 5.
Package babel Info: Redefining german shorthand "f
(babel)             in language  on input line 7.
Package babel Info: Redefining german shorthand "|
(babel)             in language  on input line 7.
Package babel Info: Redefining german shorthand "~
(babel)             in language  on input line 7.
) (./Zeichen/7.tex
Package babel Info: Redefining german shorthand "f
(babel)             in language  on input line 1.
Package babel Info: Redefining german shorthand "|
(babel)             in language  on input line 1.
Package babel Info: Redefining german shorthand "~
(babel)             in language  on input line 1.
Package babel Info: Redefining german shorthand "f
(babel)             in language  on input line 3.
Package babel Info: Redefining german shorthand "|
(babel)             in language  on input line 3.
Package babel Info: Redefining german shorthand "~
(babel)             in language  on input line 3.
Package babel Info: Redefining german shorthand "f
(babel)             in language  on input line 5.
Package babel Info: Redefining german shorthand "|
(babel)             in language  on input line 5.
Package babel Info: Redefining german shorthand "~
(babel)             in language  on input line 5.
Package babel Info: Redefining german shorthand "f
(babel)             in language  on input line 7.
Package babel Info: Redefining german shorthand "|
(babel)             in language  on input line 7.
Package babel Info: Redefining german shorthand "~
(babel)             in language  on input line 7.
))
Package atveryend Info: Empty hook `BeforeClearDocument' on input line 94.
Package babel Info: Redefining german shorthand "f
(babel)             in language  on input line 94.
Package babel Info: Redefining german shorthand "|
(babel)             in language  on input line 94.
Package babel Info: Redefining german shorthand "~
(babel)             in language  on input line 94.
Package babel Info: Redefining german shorthand "f
(babel)             in language  on input line 94.
Package babel Info: Redefining german shorthand "|
(babel)             in language  on input line 94.
Package babel Info: Redefining german shorthand "~
(babel)             in language  on input line 94.

[49

]
Package babel Info: Redefining german shorthand "f
(babel)             in language  on input line 94.
Package babel Info: Redefining german shorthand "|
(babel)             in language  on input line 94.
Package babel Info: Redefining german shorthand "~
(babel)             in language  on input line 94.
Package babel Info: Redefining german shorthand "f
(babel)             in language  on input line 94.
Package babel Info: Redefining german shorthand "|
(babel)             in language  on input line 94.
Package babel Info: Redefining german shorthand "~
(babel)             in language  on input line 94.
 [50]
Package atveryend Info: Empty hook `AfterLastShipout' on input line 94.
 (./g7_gesamt.aux (./spielmitschriften/sus.aux)
(./spielmitschriften/selem.aux))
Package atveryend Info: Executing hook `AtVeryEndDocument' on input line 94.
Package atveryend Info: Executing hook `AtEndAfterFileList' on input line 94.
Package rerunfilecheck Info: File `g7_gesamt.out' has not changed.
(rerunfilecheck)             Checksum: 178CF38C9E4C6F306CB5291AF59B8759;10945.
Package atveryend Info: Empty hook `AtVeryVeryEnd' on input line 94.
 ) 
Here is how much of TeX's memory you used:
 7945 strings out of 492642
 127420 string characters out of 6135566
 333452 words of memory out of 5000000
 11407 multiletter control sequences out of 15000+600000
 8773 words of font info for 31 fonts, out of 8000000 for 9000
 1141 hyphenation exceptions out of 8191
 41i,7n,66p,8820b,510s stack positions out of 5000i,500n,10000p,200000b,80000s
</usr/share/texmf-dist/fonts/type1/public/amsfonts/cm/cmr10.pfb></usr/share/t
exmf-dist/fonts/type1/public/amsfonts/cm/cmr12.pfb></usr/share/texmf-dist/fonts
/type1/public/amsfonts/cm/cmr8.pfb></usr/share/texmf-dist/fonts/type1/public/am
sfonts/cm/cmssbx10.pfb></usr/share/texmf-dist/fonts/type1/public/amsfonts/cm/cm
sy10.pfb>
Output written on g7_gesamt.pdf (50 pages, 181109 bytes).
PDF statistics:
 1171 PDF objects out of 1200 (max. 8388607)
 1102 compressed objects within 12 object streams
 294 named destinations out of 1000 (max. 500000)
 1233 words of extra memory for PDF output out of 10000 (max. 10000000)

