\BOOKMARK [0][-]{chapter.1}{\334berblick - Ein Wort zum Ablauf}{}% 1
\BOOKMARK [1][-]{section.1.1}{Borbarads Plan}{chapter.1}% 2
\BOOKMARK [0][-]{chapter.2}{Dramatis Historiae}{}% 3
\BOOKMARK [1][-]{section.2.1}{Staub und Sterne}{chapter.2}% 4
\BOOKMARK [2][-]{subsection.2.1.1}{Liscoms Villa}{section.2.1}% 5
\BOOKMARK [1][-]{section.2.2}{Heldentrutz und Purpurblitz}{chapter.2}% 6
\BOOKMARK [2][-]{subsection.2.2.1}{Verbindungen zur Kampagne}{section.2.2}% 7
\BOOKMARK [2][-]{subsection.2.2.2}{Das Turnier zu Trallop}{section.2.2}% 8
\BOOKMARK [2][-]{subsection.2.2.3}{Gef\344hrliche Intrigen}{section.2.2}% 9
\BOOKMARK [2][-]{subsection.2.2.4}{Szenen}{section.2.2}% 10
\BOOKMARK [2][-]{subsection.2.2.5}{Finale}{section.2.2}% 11
\BOOKMARK [2][-]{subsection.2.2.6}{Spielmitschrift}{section.2.2}% 12
\BOOKMARK [1][-]{section.2.3}{Hexennacht}{chapter.2}% 13
\BOOKMARK [2][-]{subsection.2.3.1}{Wichtige Ereignisse und Personen}{section.2.3}% 14
\BOOKMARK [2][-]{subsection.2.3.2}{Einf\374hrung}{section.2.3}% 15
\BOOKMARK [2][-]{subsection.2.3.3}{Die Jagd}{section.2.3}% 16
\BOOKMARK [2][-]{subsection.2.3.4}{Das Ritual}{section.2.3}% 17
\BOOKMARK [2][-]{subsection.2.3.5}{Notizen aus dem Spiel}{section.2.3}% 18
\BOOKMARK [1][-]{section.2.4}{Albtraum ohne Ende}{chapter.2}% 19
\BOOKMARK [2][-]{subsection.2.4.1}{Dunkle Schatten \374ber Baliho - Einstieg}{section.2.4}% 20
\BOOKMARK [2][-]{subsection.2.4.2}{Der Weg nach Dragenfeldt - Rising Action}{section.2.4}% 21
\BOOKMARK [2][-]{subsection.2.4.3}{Die W\374stenei - Klimax}{section.2.4}% 22
\BOOKMARK [2][-]{subsection.2.4.4}{Epilog - Dschafar}{section.2.4}% 23
\BOOKMARK [2][-]{subsection.2.4.5}{Epilog - Tobi}{section.2.4}% 24
\BOOKMARK [2][-]{subsection.2.4.6}{Scheitern}{section.2.4}% 25
\BOOKMARK [2][-]{subsection.2.4.7}{Kampfwerte}{section.2.4}% 26
\BOOKMARK [1][-]{section.2.5}{Unsterbliche Gier}{chapter.2}% 27
\BOOKMARK [1][-]{section.2.6}{Grenzenlose Macht}{chapter.2}% 28
\BOOKMARK [1][-]{section.2.7}{Pforten des Grauens}{chapter.2}% 29
\BOOKMARK [1][-]{section.2.8}{Bastrabuns Bann}{chapter.2}% 30
\BOOKMARK [1][-]{section.2.9}{Schatten im Zwielicht}{chapter.2}% 31
\BOOKMARK [1][-]{section.2.10}{Goldene Bl\374ten auf blauem Grund}{chapter.2}% 32
\BOOKMARK [1][-]{section.2.11}{Winter des Wolfes}{chapter.2}% 33
\BOOKMARK [1][-]{section.2.12}{Rohals Versprechen}{chapter.2}% 34
\BOOKMARK [1][-]{section.2.13}{Schlacht auf den Vallusanischen Weiden}{chapter.2}% 35
\BOOKMARK [1][-]{section.2.14}{Siebenstreich}{chapter.2}% 36
\BOOKMARK [1][-]{section.2.15}{Rausch der Ewigkeit}{chapter.2}% 37
\BOOKMARK [0][-]{chapter.3}{Mitschriften}{}% 38
\BOOKMARK [1][-]{section.3.1}{Staub und Sterne \(19.05.2018\)}{chapter.3}% 39
\BOOKMARK [2][-]{subsection.3.1.1}{Ankunft}{section.3.1}% 40
\BOOKMARK [3][-]{section*.27}{Der alte/junge Buka}{subsection.3.1.1}% 41
\BOOKMARK [3][-]{section*.28}{Bukas Hintergrundgeschichte}{subsection.3.1.1}% 42
\BOOKMARK [3][-]{section*.29}{Diebstahl in der Universit\344t}{subsection.3.1.1}% 43
\BOOKMARK [3][-]{section*.30}{\334berfall auf die Gauklerfamilie}{subsection.3.1.1}% 44
\BOOKMARK [2][-]{subsection.3.1.2}{Der Tafelberg}{section.3.1}% 45
\BOOKMARK [3][-]{section*.31}{Die Miene}{subsection.3.1.2}% 46
\BOOKMARK [3][-]{section*.32}{Das geheime Tal}{subsection.3.1.2}% 47
\BOOKMARK [2][-]{subsection.3.1.3}{Der Turm}{section.3.1}% 48
\BOOKMARK [2][-]{subsection.3.1.4}{Liscoms Villa}{section.3.1}% 49
\BOOKMARK [1][-]{section.3.2}{In Selem \(1011 BF - 1012 BF\)}{chapter.3}% 50
\BOOKMARK [2][-]{subsection.3.2.1}{Erste Analyse}{section.3.2}% 51
\BOOKMARK [2][-]{subsection.3.2.2}{Wichtige B\374cher}{section.3.2}% 52
\BOOKMARK [2][-]{subsection.3.2.3}{Die Studienreise Dschafars \(1014 BF - 1015 BF\)}{section.3.2}% 53
\BOOKMARK [0][-]{chapter.4}{Dramatis Personae}{}% 54
\BOOKMARK [1][-]{section.4.1}{Magiebegabte}{chapter.4}% 55
\BOOKMARK [2][-]{subsection.4.1.1}{Rohal}{section.4.1}% 56
\BOOKMARK [2][-]{subsection.4.1.2}{Prishya Garlischgr\366tz}{section.4.1}% 57
\BOOKMARK [2][-]{subsection.4.1.3}{Saldor Foslarin}{section.4.1}% 58
\BOOKMARK [2][-]{subsection.4.1.4}{Salpikon Savertin}{section.4.1}% 59
\BOOKMARK [2][-]{subsection.4.1.5}{Tarlisin von Borbra}{section.4.1}% 60
\BOOKMARK [2][-]{subsection.4.1.6}{Khadil Okharim}{section.4.1}% 61
\BOOKMARK [2][-]{subsection.4.1.7}{Rakorium Muntagonus}{section.4.1}% 62
\BOOKMARK [2][-]{subsection.4.1.8}{Dschelef ibn Jassafer}{section.4.1}% 63
\BOOKMARK [2][-]{subsection.4.1.9}{Luzelin vom Blautann}{section.4.1}% 64
\BOOKMARK [2][-]{subsection.4.1.10}{Morena vom Blautann}{section.4.1}% 65
\BOOKMARK [2][-]{subsection.4.1.11}{Kail\344kinnen}{section.4.1}% 66
\BOOKMARK [2][-]{subsection.4.1.12}{Yolana von Ysilia}{section.4.1}% 67
\BOOKMARK [2][-]{subsection.4.1.13}{Krallerwatsch}{section.4.1}% 68
\BOOKMARK [1][-]{section.4.2}{Geweihte}{chapter.4}% 69
\BOOKMARK [2][-]{subsection.4.2.1}{Die H\374terin der Stelen}{section.4.2}% 70
\BOOKMARK [2][-]{subsection.4.2.2}{Amando Laconda da Vanya}{section.4.2}% 71
\BOOKMARK [2][-]{subsection.4.2.3}{Ucurian Jago}{section.4.2}% 72
\BOOKMARK [2][-]{subsection.4.2.4}{Ayla von Schattengrund}{section.4.2}% 73
\BOOKMARK [2][-]{subsection.4.2.5}{Alter weiser Mentor FTW}{section.4.2}% 74
\BOOKMARK [1][-]{section.4.3}{Adlige}{chapter.4}% 75
\BOOKMARK [2][-]{subsection.4.3.1}{Das Haus Gareth}{section.4.3}% 76
\BOOKMARK [3][-]{section*.33}{Brin von Gareth}{subsection.4.3.1}% 77
\BOOKMARK [3][-]{section*.34}{Emer von Gareth}{subsection.4.3.1}% 78
\BOOKMARK [2][-]{subsection.4.3.2}{Das Haus L\366wenstein}{section.4.3}% 79
\BOOKMARK [3][-]{section*.35}{Walpurga von L\366wenhaupt}{subsection.4.3.2}% 80
\BOOKMARK [3][-]{section*.36}{Waldemar von L\366wenhaupt}{subsection.4.3.2}% 81
\BOOKMARK [2][-]{subsection.4.3.3}{Das Haus Ehrenstein}{section.4.3}% 82
\BOOKMARK [3][-]{section*.37}{Dietrand von Ehrenstein}{subsection.4.3.3}% 83
\BOOKMARK [3][-]{section*.38}{Raidri Conchobair}{subsection.4.3.3}% 84
\BOOKMARK [3][-]{section*.39}{Bernfried von Ehrenstein}{subsection.4.3.3}% 85
\BOOKMARK [2][-]{subsection.4.3.4}{Der Familie von Wallenstein}{section.4.3}% 86
\BOOKMARK [2][-]{subsection.4.3.5}{Die Grafen von Ask}{section.4.3}% 87
\BOOKMARK [3][-]{section*.40}{Irinja von Ask}{subsection.4.3.5}% 88
\BOOKMARK [3][-]{section*.41}{Tirulf von Ask}{subsection.4.3.5}% 89
\BOOKMARK [3][-]{section*.42}{Wahnfried von Ask}{subsection.4.3.5}% 90
\BOOKMARK [2][-]{subsection.4.3.6}{Strutzz}{section.4.3}% 91
\BOOKMARK [2][-]{subsection.4.3.7}{Delian Wiedbr\374ck}{section.4.3}% 92
\BOOKMARK [1][-]{section.4.4}{Einfaches Volk}{chapter.4}% 93
\BOOKMARK [2][-]{subsection.4.4.1}{Sefira von Rashdul}{section.4.4}% 94
\BOOKMARK [2][-]{subsection.4.4.2}{Elizaveta Walsjakow}{section.4.4}% 95
\BOOKMARK [2][-]{subsection.4.4.3}{Familie da Merinal}{section.4.4}% 96
\BOOKMARK [1][-]{section.4.5}{\334bernat\374rliche und Heilige}{chapter.4}% 97
\BOOKMARK [2][-]{subsection.4.5.1}{Teclador/Bukhar}{section.4.5}% 98
\BOOKMARK [2][-]{subsection.4.5.2}{Der heilige Jarlak}{section.4.5}% 99
\BOOKMARK [1][-]{section.4.6}{Feinde}{chapter.4}% 100
\BOOKMARK [2][-]{subsection.4.6.1}{Borbarad}{section.4.6}% 101
\BOOKMARK [2][-]{subsection.4.6.2}{Borbaradianische Verschw\366rung}{section.4.6}% 102
\BOOKMARK [3][-]{section*.43}{Liscom von Fasar}{subsection.4.6.2}% 103
\BOOKMARK [3][-]{section*.44}{Der Bettelm\366nch}{subsection.4.6.2}% 104
\BOOKMARK [3][-]{section*.45}{Korobar}{subsection.4.6.2}% 105
\BOOKMARK [3][-]{section*.46}{Urdo von Gisholm}{subsection.4.6.2}% 106
\BOOKMARK [3][-]{section*.47}{Azaril Scharlachkraut}{subsection.4.6.2}% 107
\BOOKMARK [3][-]{section*.48}{Sulman al Venish}{subsection.4.6.2}% 108
\BOOKMARK [3][-]{section*.49}{Rayo Brabaker}{subsection.4.6.2}% 109
\BOOKMARK [2][-]{subsection.4.6.3}{Heptarchen und Heerf\374hrer}{section.4.6}% 110
\BOOKMARK [3][-]{section*.50}{Lutisana von Perricum}{subsection.4.6.3}% 111
\BOOKMARK [3][-]{section*.51}{Arngrimm von Ehrenstein}{subsection.4.6.3}% 112
\BOOKMARK [3][-]{section*.52}{Galotta}{subsection.4.6.3}% 113
\BOOKMARK [3][-]{section*.53}{Xeraan}{subsection.4.6.3}% 114
\BOOKMARK [3][-]{section*.54}{Rhazzazzor}{subsection.4.6.3}% 115
\BOOKMARK [3][-]{section*.55}{Helme Haffax}{subsection.4.6.3}% 116
\BOOKMARK [3][-]{section*.56}{Dimiona von Zorgan}{subsection.4.6.3}% 117
\BOOKMARK [3][-]{section*.57}{Torxes von Freigeist}{subsection.4.6.3}% 118
\BOOKMARK [2][-]{subsection.4.6.4}{Weitere Gegner}{section.4.6}% 119
\BOOKMARK [3][-]{section*.58}{Pardona}{subsection.4.6.4}% 120
\BOOKMARK [3][-]{section*.59}{Achaz die Hexe}{subsection.4.6.4}% 121
\BOOKMARK [3][-]{section*.60}{Abu Therfas}{subsection.4.6.4}% 122
\BOOKMARK [0][-]{chapter.5}{Die Prophezeiungen}{}% 123
\BOOKMARK [1][-]{section.5.1}{Die Orakelspr\374che von Fasar}{chapter.5}% 124
\BOOKMARK [1][-]{section.5.2}{Die Al'Anfanischen Prophezeiungen}{chapter.5}% 125
\BOOKMARK [0][-]{chapter.6}{Die Zeichen}{}% 126
\BOOKMARK [1][-]{section.6.1}{Das Almadine Auge}{chapter.6}% 127
\BOOKMARK [2][-]{subsection.6.1.1}{Erscheinen und Hintergrund}{section.6.1}% 128
\BOOKMARK [2][-]{subsection.6.1.2}{F\344higkeiten}{section.6.1}% 129
\BOOKMARK [2][-]{subsection.6.1.3}{Das Wissen um SEINEN Namen}{section.6.1}% 130
\BOOKMARK [1][-]{section.6.2}{Das Wandelnde Bildnis}{chapter.6}% 131
\BOOKMARK [2][-]{subsection.6.2.1}{Erscheinen und Hintergrund}{section.6.2}% 132
\BOOKMARK [2][-]{subsection.6.2.2}{F\344higkeiten}{section.6.2}% 133
\BOOKMARK [2][-]{subsection.6.2.3}{Das Wissen um SEINE Gestalt}{section.6.2}% 134
\BOOKMARK [1][-]{section.6.3}{Das K\374hne Tier}{chapter.6}% 135
\BOOKMARK [2][-]{subsection.6.3.1}{Erscheinen und Hintergrund}{section.6.3}% 136
\BOOKMARK [2][-]{subsection.6.3.2}{F\344higkeiten}{section.6.3}% 137
\BOOKMARK [2][-]{subsection.6.3.3}{Das Wissen um SEINE Macht}{section.6.3}% 138
\BOOKMARK [1][-]{section.6.4}{Die Firngl\344nzenden Finger}{chapter.6}% 139
\BOOKMARK [2][-]{subsection.6.4.1}{Erscheinen und Hintergrund}{section.6.4}% 140
\BOOKMARK [2][-]{subsection.6.4.2}{F\344higkeiten}{section.6.4}% 141
\BOOKMARK [2][-]{subsection.6.4.3}{Das Wissen um SEINE List}{section.6.4}% 142
\BOOKMARK [1][-]{section.6.5}{Die St\344hlerne Stirn}{chapter.6}% 143
\BOOKMARK [2][-]{subsection.6.5.1}{Erscheinen und Hintergrund}{section.6.5}% 144
\BOOKMARK [2][-]{subsection.6.5.2}{F\344higkeiten}{section.6.5}% 145
\BOOKMARK [2][-]{subsection.6.5.3}{Das Wissen um SEINEN Frevel}{section.6.5}% 146
\BOOKMARK [1][-]{section.6.6}{Das Gefl\374gelte Geschoss}{chapter.6}% 147
\BOOKMARK [2][-]{subsection.6.6.1}{Erscheinen und Hintergrund}{section.6.6}% 148
\BOOKMARK [2][-]{subsection.6.6.2}{F\344higkeiten}{section.6.6}% 149
\BOOKMARK [2][-]{subsection.6.6.3}{Das Wissen um SEINEN Plan}{section.6.6}% 150
\BOOKMARK [1][-]{section.6.7}{Sch\344rfe aus Sieben Schalen}{chapter.6}% 151
\BOOKMARK [2][-]{subsection.6.7.1}{Erscheinen und Hintergrund}{section.6.7}% 152
\BOOKMARK [2][-]{subsection.6.7.2}{F\344higkeiten}{section.6.7}% 153
\BOOKMARK [2][-]{subsection.6.7.3}{Das Wissen um SEINE Zeit}{section.6.7}% 154
